<?xml version="1.0" encoding="UTF-8"?>
<testsuite xmlns:xsi="http://www.w3.org/2001/XMLSchema-instance" xsi:noNamespaceSchemaLocation="https://maven.apache.org/surefire/maven-failsafe-plugin/xsd/failsafe-test-report-3.0.xsd" version="3.0" name="Runner.CucumberTestSuite" time="46.683" tests="1" errors="1" skipped="0" failures="0">
  <properties>
[...]
</properties>
  <testcase name="Purchase a product" classname="Purchase" time="45.647">
    <error type="io.cucumber.core.exception.CucumberException"><![CDATA[io.cucumber.core.exception.CucumberException: 
Step [completes the purchase process successfully] is defined with 3 parameters at 'StepsDefinitions.PurchaseDefinitions.PurchaseDefinitions.completePurchase(java.lang.String,java.lang.String,java.lang.String)'.
However, the gherkin step has 0 arguments.
Step text: completes the purchase process successfully
]]></error>
    <system-out><![CDATA[03:45:40.363 [main] INFO io.cucumber.core.plugin.SerenityReporter - Running feature from file:///Users/cesarriosusuga/Desktop/Automation/AutomatizacionPragma/src/test/resources/features/Login.feature
03:45:40.433 [main] INFO  - &amp#27;[96m

-------------------------------------------------------------------------------------
     _______. _______ .______       _______ .__   __.  __  .___________.____    ____ 
    /       ||   ____||   _  \     |   ____||  \ |  | |  | |           |\   \  /   / 
   |   (----`|  |__   |  |_)  |    |  |__   |   \|  | |  | `---|  |----` \   \/   /  
    \   \    |   __|  |      /     |   __|  |  . `  | |  |     |  |       \_    _/   
.----)   |   |  |____ |  |\  \----.|  |____ |  |\   | |  |     |  |         |  |     
|_______/    |_______|| _| `._____||_______||__| \__| |__|     |__|         |__|    
                                                                                     
 News and tutorials at http://www.serenity-bdd.info                                  
 Documentation at https://wakaleo.gitbooks.io/the-serenity-book/content/             
 Join the Serenity Community on Gitter: https://gitter.im/serenity-bdd/serenity-core 
 Serenity BDD Support and Training at http://serenity-bdd.info/#/trainingandsupport  
-------------------------------------------------------------------------------------
&amp#27;[0m
03:45:40.434 [main] DEBUG net.thucydides.core.steps.StepEventBus - Test suite started for story net.thucydides.core.model.Story@23282f08
03:45:40.436 [main] INFO  - Test Suite Started: Login
03:45:40.442 [main] INFO io.cucumber.core.plugin.SerenityReporter - Running feature from file:///Users/cesarriosusuga/Desktop/Automation/AutomatizacionPragma/src/test/resources/features/Products.feature
03:45:40.444 [main] DEBUG net.thucydides.core.steps.StepEventBus - Test suite started for story net.thucydides.core.model.Story@31b157a8
03:45:40.444 [main] INFO  - Test Suite Started: Products
03:45:40.444 [main] INFO io.cucumber.core.plugin.SerenityReporter - Running feature from file:///Users/cesarriosusuga/Desktop/Automation/AutomatizacionPragma/src/test/resources/features/Purchase.feature
03:45:40.446 [main] DEBUG net.thucydides.core.steps.StepEventBus - Test suite started for story net.thucydides.core.model.Story@2c6cde48
03:45:40.446 [main] INFO  - Test Suite Started: Purchase
03:45:40.446 [main] INFO io.cucumber.core.plugin.SerenityReporter - Running feature from file:///Users/cesarriosusuga/Desktop/Automation/AutomatizacionPragma/src/test/resources/features/Purchase.feature
03:45:40.448 [main] DEBUG net.thucydides.core.steps.StepEventBus - Test suite started for story net.thucydides.core.model.Story@2c6cde48
03:45:40.449 [main] INFO  - Test Suite Started: Purchase

@Purchase
Scenario: Purchase a product                                                          &amp#27;[90m# src/test/resources/features/Purchase.feature:11&amp#27;[0m
03:45:40.484 [main] INFO io.cucumber.core.plugin.SerenityReporter - Running feature from file:///Users/cesarriosusuga/Desktop/Automation/AutomatizacionPragma/src/test/resources/features/Purchase.feature
03:45:40.542 [main] INFO  - 
  _____   ___   ___   _____     ___   _____     _     ___   _____   ___   ___  
 |_   _| | __| / __| |_   _|   / __| |_   _|   /_\   | _ \ |_   _| | __| |   \ 
   | |   | _|  \__ \   | |     \__ \   | |    / _ \  |   /   | |   | _|  | |) |
   |_|   |___| |___/   |_|     |___/   |_|   /_/ \_\ |_|_\   |_|   |___| |___/ 

Purchase a product(purchase;purchase-a-product)
--------------------------------------------------------------------------------
03:45:40.746 [main] DEBUG net.thucydides.core.steps.StepInterceptor - STARTING STEP: Hooks.openBaseUrl - navigateToBaseUrl
03:45:41.630 [main] DEBUG net.thucydides.core.reflection.ClassFinder - Could not load class .Pages.BasePage
03:45:41.630 [main] DEBUG net.thucydides.core.reflection.ClassFinder - Could not load class .Pages.LoginPage
03:45:41.630 [main] DEBUG net.thucydides.core.reflection.ClassFinder - Could not load class .Pages.ProductsPage
03:45:41.630 [main] DEBUG net.thucydides.core.reflection.ClassFinder - Could not load class .Pages.PurchasePage
03:45:41.630 [main] DEBUG net.thucydides.core.reflection.ClassFinder - Could not load class .Runner.CucumberTestSuite
03:45:41.630 [main] DEBUG net.thucydides.core.reflection.ClassFinder - Could not load class .Steps.LoginSteps.LoginSteps
03:45:41.630 [main] DEBUG net.thucydides.core.reflection.ClassFinder - Could not load class .Steps.ProductsSteps.ProductsSteps
03:45:41.630 [main] DEBUG net.thucydides.core.reflection.ClassFinder - Could not load class .Steps.PurchaseSteps.PurchaseSteps
03:45:41.630 [main] DEBUG net.thucydides.core.reflection.ClassFinder - Could not load class .StepsDefinitions.LoginDefinitions.LoginDefinitions
03:45:41.630 [main] DEBUG net.thucydides.core.reflection.ClassFinder - Could not load class .StepsDefinitions.ProductsDefinitions.ProductsDefinitions
03:45:41.630 [main] DEBUG net.thucydides.core.reflection.ClassFinder - Could not load class .StepsDefinitions.PurchaseDefinitions.PurchaseDefinitions
03:45:41.630 [main] DEBUG net.thucydides.core.reflection.ClassFinder - Could not load class .StepsDefinitions.hooks.Hooks
03:45:41.630 [main] DEBUG net.thucydides.core.reflection.ClassFinder - Could not load class .utils.AutomationException
03:45:41.630 [main] DEBUG net.thucydides.core.reflection.ClassFinder - Could not load class .utils.CapturedMesaages
03:45:41.630 [main] DEBUG net.thucydides.core.reflection.ClassFinder - Could not load class .utils.TestDataReader
03:45:41.631 [main] DEBUG net.thucydides.core.reflection.ClassFinder - Could not load class META-INF.versions.9.com.sun.istack.logging.StackHelper
03:45:41.631 [main] DEBUG net.thucydides.core.reflection.ClassFinder - Could not load class META-INF.versions.9.com.sun.xml.bind.v2.runtime.reflect.opt.AccessorInjector
03:45:41.631 [main] DEBUG net.thucydides.core.reflection.ClassFinder - Could not load class META-INF.versions.9.com.sun.xml.bind.v2.runtime.reflect.opt.Injector
03:45:41.632 [main] DEBUG net.thucydides.core.reflection.ClassFinder - Could not load class META-INF.versions.9.com.sun.xml.bind.v2.runtime.reflect.opt.OptimizedAccessorFactory
03:45:41.632 [main] DEBUG net.thucydides.core.reflection.ClassFinder - Could not load class META-INF.versions.9.com.sun.xml.bind.v2.runtime.reflect.opt.OptimizedTransducedAccessorFactory
03:45:41.632 [main] DEBUG net.thucydides.core.reflection.ClassFinder - Could not load class META-INF.versions.9.io.opentelemetry.sdk.internal.CurrentJavaVersionSpecific
03:45:41.632 [main] DEBUG net.thucydides.core.reflection.ClassFinder - Could not load class META-INF.versions.9.io.opentelemetry.sdk.internal.Java9VersionSpecific
03:45:41.632 [main] DEBUG net.thucydides.core.reflection.ClassFinder - Could not load class META-INF.versions.9.javax.xml.bind.ModuleUtil
03:45:41.632 [main] DEBUG net.thucydides.core.reflection.ClassFinder - Could not load class META-INF.versions.9.module-info
03:45:41.633 [main] DEBUG net.thucydides.core.reflection.ClassFinder - Could not load class META-INF.versions.9.org.junit.platform.commons.util.ModuleUtils
03:45:41.771 [main] DEBUG net.thucydides.core.reflection.ClassFinder - Could not load class com.google.gson.internal.
03:45:41.819 [main] DEBUG net.thucydides.core.reflection.ClassFinder - Could not load class com.sun.xml.bind.v2.runtime.output.FastInfosetStreamWriterOutput
03:45:41.965 [main] DEBUG net.thucydides.core.reflection.ClassFinder - Could not load class module-info
03:45:43.117 [main] DEBUG io.netty.util.internal.logging.InternalLoggerFactory - Using SLF4J as the default logging framework
03:45:43.119 [main] DEBUG io.netty.util.ResourceLeakDetector - -Dio.netty.leakDetection.level: simple
03:45:43.119 [main] DEBUG io.netty.util.ResourceLeakDetector - -Dio.netty.leakDetection.targetRecords: 4
03:45:43.120 [main] DEBUG io.netty.util.ResourceLeakDetectorFactory - Loaded default ResourceLeakDetector: io.netty.util.ResourceLeakDetector@5d225368
03:45:43.126 [main] DEBUG io.netty.util.internal.PlatformDependent0 - -Dio.netty.noUnsafe: false
03:45:43.127 [main] DEBUG io.netty.util.internal.PlatformDependent0 - Java version: 18
03:45:43.127 [main] DEBUG io.netty.util.internal.PlatformDependent0 - sun.misc.Unsafe.theUnsafe: available
03:45:43.127 [main] DEBUG io.netty.util.internal.PlatformDependent0 - sun.misc.Unsafe.copyMemory: available
03:45:43.127 [main] DEBUG io.netty.util.internal.PlatformDependent0 - java.nio.Buffer.address: available
03:45:43.127 [main] DEBUG io.netty.util.internal.PlatformDependent0 - direct buffer constructor: unavailable: Reflective setAccessible(true) disabled
03:45:43.128 [main] DEBUG io.netty.util.internal.PlatformDependent0 - java.nio.Bits.unaligned: available, true
03:45:43.128 [main] DEBUG io.netty.util.internal.PlatformDependent0 - jdk.internal.misc.Unsafe.allocateUninitializedArray(int): unavailable: class io.netty.util.internal.PlatformDependent0$6 cannot access class jdk.internal.misc.Unsafe (in module java.base) because module java.base does not export jdk.internal.misc to unnamed module @5609159b
03:45:43.129 [main] DEBUG io.netty.util.internal.PlatformDependent0 - java.nio.DirectByteBuffer.<init>(long, int): unavailable
03:45:43.129 [main] DEBUG io.netty.util.internal.PlatformDependent - sun.misc.Unsafe: available
03:45:43.131 [main] DEBUG io.netty.util.internal.PlatformDependent - maxDirectMemory: 2147483648 bytes (maybe)
03:45:43.131 [main] DEBUG io.netty.util.internal.PlatformDependent - -Dio.netty.tmpdir: /var/folders/gw/10b72tvn1jlcc0qdxrft6r940000gn/T (java.io.tmpdir)
03:45:43.131 [main] DEBUG io.netty.util.internal.PlatformDependent - -Dio.netty.bitMode: 64 (sun.arch.data.model)
03:45:43.131 [main] DEBUG io.netty.util.internal.PlatformDependent - Platform: MacOS
03:45:43.131 [main] DEBUG io.netty.util.internal.PlatformDependent - -Dio.netty.maxDirectMemory: -1 bytes
03:45:43.131 [main] DEBUG io.netty.util.internal.PlatformDependent - -Dio.netty.uninitializedArrayAllocationThreshold: -1
03:45:43.131 [main] DEBUG io.netty.util.internal.CleanerJava9 - java.nio.ByteBuffer.cleaner(): available
03:45:43.131 [main] DEBUG io.netty.util.internal.PlatformDependent - -Dio.netty.noPreferDirect: false
03:45:43.134 [main] DEBUG io.netty.util.internal.PlatformDependent - org.jctools-core.MpscChunkedArrayQueue: available
03:45:43.143 [main] DEBUG io.netty.util.internal.InternalThreadLocalMap - -Dio.netty.threadLocalMap.stringBuilder.initialSize: 1024
03:45:43.143 [main] DEBUG io.netty.util.internal.InternalThreadLocalMap - -Dio.netty.threadLocalMap.stringBuilder.maxSize: 4096
03:45:43.223 [main] DEBUG io.netty.handler.ssl.JdkSslContext - Default protocols (JDK): [TLSv1.3, TLSv1.2] 
03:45:43.223 [main] DEBUG io.netty.handler.ssl.JdkSslContext - Default cipher suites (JDK): [TLS_ECDHE_ECDSA_WITH_AES_256_GCM_SHA384, TLS_ECDHE_ECDSA_WITH_AES_128_GCM_SHA256, TLS_ECDHE_RSA_WITH_AES_128_GCM_SHA256, TLS_ECDHE_RSA_WITH_AES_256_GCM_SHA384, TLS_ECDHE_RSA_WITH_AES_128_CBC_SHA, TLS_ECDHE_RSA_WITH_AES_256_CBC_SHA, TLS_RSA_WITH_AES_128_GCM_SHA256, TLS_RSA_WITH_AES_128_CBC_SHA, TLS_RSA_WITH_AES_256_CBC_SHA, TLS_AES_128_GCM_SHA256, TLS_AES_256_GCM_SHA384]
03:45:43.235 [main] DEBUG io.netty.channel.MultithreadEventLoopGroup - -Dio.netty.eventLoopThreads: 16
03:45:43.240 [main] DEBUG io.netty.channel.nio.NioEventLoop - -Dio.netty.noKeySetOptimization: false
03:45:43.241 [main] DEBUG io.netty.channel.nio.NioEventLoop - -Dio.netty.selectorAutoRebuildThreshold: 512
03:45:43.255 [main] DEBUG io.netty.buffer.PooledByteBufAllocator - -Dio.netty.allocator.numHeapArenas: 16
03:45:43.255 [main] DEBUG io.netty.buffer.PooledByteBufAllocator - -Dio.netty.allocator.numDirectArenas: 16
03:45:43.255 [main] DEBUG io.netty.buffer.PooledByteBufAllocator - -Dio.netty.allocator.pageSize: 8192
03:45:43.255 [main] DEBUG io.netty.buffer.PooledByteBufAllocator - -Dio.netty.allocator.maxOrder: 9
03:45:43.255 [main] DEBUG io.netty.buffer.PooledByteBufAllocator - -Dio.netty.allocator.chunkSize: 4194304
03:45:43.255 [main] DEBUG io.netty.buffer.PooledByteBufAllocator - -Dio.netty.allocator.smallCacheSize: 256
03:45:43.255 [main] DEBUG io.netty.buffer.PooledByteBufAllocator - -Dio.netty.allocator.normalCacheSize: 64
03:45:43.255 [main] DEBUG io.netty.buffer.PooledByteBufAllocator - -Dio.netty.allocator.maxCachedBufferCapacity: 32768
03:45:43.255 [main] DEBUG io.netty.buffer.PooledByteBufAllocator - -Dio.netty.allocator.cacheTrimInterval: 8192
03:45:43.255 [main] DEBUG io.netty.buffer.PooledByteBufAllocator - -Dio.netty.allocator.cacheTrimIntervalMillis: 0
03:45:43.255 [main] DEBUG io.netty.buffer.PooledByteBufAllocator - -Dio.netty.allocator.useCacheForAllThreads: false
03:45:43.255 [main] DEBUG io.netty.buffer.PooledByteBufAllocator - -Dio.netty.allocator.maxCachedByteBuffersPerChunk: 1023
03:45:43.259 [main] DEBUG io.netty.buffer.ByteBufUtil - -Dio.netty.allocator.type: pooled
03:45:43.259 [main] DEBUG io.netty.buffer.ByteBufUtil - -Dio.netty.threadLocalDirectBufferSize: 0
03:45:43.259 [main] DEBUG io.netty.buffer.ByteBufUtil - -Dio.netty.maxThreadLocalCharBufferSize: 16384
03:45:44.235 [Forwarding newSession on session null to remote] DEBUG io.netty.channel.DefaultChannelId - -Dio.netty.processId: 22481 (auto-detected)
03:45:44.236 [Forwarding newSession on session null to remote] DEBUG io.netty.util.NetUtil - -Djava.net.preferIPv4Stack: false
03:45:44.236 [Forwarding newSession on session null to remote] DEBUG io.netty.util.NetUtil - -Djava.net.preferIPv6Addresses: false
03:45:44.238 [Forwarding newSession on session null to remote] DEBUG io.netty.util.NetUtilInitializations - Loopback interface: lo0 (lo0, 0:0:0:0:0:0:0:1%lo0)
03:45:44.238 [Forwarding newSession on session null to remote] DEBUG io.netty.util.NetUtil - Failed to get SOMAXCONN from sysctl and file /proc/sys/net/core/somaxconn. Default: 128
03:45:44.239 [Forwarding newSession on session null to remote] DEBUG io.netty.channel.DefaultChannelId - -Dio.netty.machineId: 3c:06:30:ff:fe:15:d0:4c (auto-detected)
03:45:44.255 [AsyncHttpClient-1-2] DEBUG io.netty.buffer.AbstractByteBuf - -Dio.netty.buffer.checkAccessible: true
03:45:44.255 [AsyncHttpClient-1-2] DEBUG io.netty.buffer.AbstractByteBuf - -Dio.netty.buffer.checkBounds: true
03:45:44.255 [AsyncHttpClient-1-2] DEBUG io.netty.util.ResourceLeakDetectorFactory - Loaded default ResourceLeakDetector: io.netty.util.ResourceLeakDetector@28d367cb
03:45:44.348 [AsyncHttpClient-1-2] DEBUG io.netty.util.Recycler - -Dio.netty.recycler.maxCapacityPerThread: 4096
03:45:44.348 [AsyncHttpClient-1-2] DEBUG io.netty.util.Recycler - -Dio.netty.recycler.ratio: 8
03:45:44.348 [AsyncHttpClient-1-2] DEBUG io.netty.util.Recycler - -Dio.netty.recycler.chunkSize: 32
03:45:44.348 [AsyncHttpClient-1-2] DEBUG io.netty.util.Recycler - -Dio.netty.recycler.blocking: false
03:45:44.475 [AsyncHttpClient-1-2] DEBUG io.netty.handler.ssl.util.InsecureTrustManagerFactory - Accepting a server certificate: CN=*.browserstack.com
03:45:44.567 [AsyncHttpClient-1-2] DEBUG org.asynchttpclient.netty.channel.NettyConnectListener - Using new Channel '[id: 0x631b3838, L:/192.168.1.60:61639 - R:hub-cloud.browserstack.com/207.254.8.4:443]' for 'POST' to '/wd/hub/session'
03:45:44.590 [AsyncHttpClient-1-2] DEBUG io.netty.handler.ssl.SslHandler - [id: 0x631b3838, L:/192.168.1.60:61639 - R:hub-cloud.browserstack.com/207.254.8.4:443] HANDSHAKEN: protocol:TLSv1.2 cipher suite:TLS_ECDHE_RSA_WITH_AES_128_GCM_SHA256
03:45:58.141 [AsyncHttpClient-1-2] DEBUG io.netty.handler.codec.compression.Brotli - brotli4j not in the classpath; Brotli support will be unavailable.
03:45:58.143 [AsyncHttpClient-1-2] DEBUG org.asynchttpclient.netty.handler.HttpHandler - 

Request DefaultHttpRequest(decodeResult: success, version: HTTP/1.1)
POST /wd/hub/session HTTP/1.1
User-Agent: selenium/4.1.3 (java mac)
traceparent: 00-251413b83c82826267cd289b21465e86-3401d990bf1af23b-01
Content-Length: 2708
Content-Type: application/json; charset=utf-8
host: hub-cloud.browserstack.com
authorization: Basic Y2VzYXJyaW9zXzZ3TzRadDpldmdXZEdUMkw3cnBQempDNlh6Zw==
accept: */*

Response DefaultHttpResponse(decodeResult: success, version: HTTP/1.1)
HTTP/1.1 200 OK
Server: nginx
Date: Fri, 05 May 2023 08:45:58 GMT
Content-Type: application/json; charset=utf-8
Transfer-Encoding: chunked
Connection: keep-alive
Source-From: 02
cache-control: no-cache

03:45:58.155 [AsyncHttpClient-1-2] DEBUG org.asynchttpclient.netty.channel.ChannelManager - Adding key: https://hub-cloud.browserstack.com:443 for channel [id: 0x631b3838, L:/192.168.1.60:61639 - R:hub-cloud.browserstack.com/207.254.8.4:443]
03:45:58.230 [Forwarding setTimeout on session 5bdc3f4a8e5cefb88ac2450c975a42a0b5f05738 to remote] DEBUG org.asynchttpclient.netty.request.NettyRequestSender - Using pooled Channel '[id: 0x631b3838, L:/192.168.1.60:61639 - R:hub-cloud.browserstack.com/207.254.8.4:443]' for 'POST' to 'https://cesarrios_6wO4Zt:evgWdGT2L7rpPzjC6Xzg@hub-cloud.browserstack.com/wd/hub/session/5bdc3f4a8e5cefb88ac2450c975a42a0b5f05738/timeouts'
03:45:58.230 [Forwarding setTimeout on session 5bdc3f4a8e5cefb88ac2450c975a42a0b5f05738 to remote] DEBUG org.asynchttpclient.netty.request.NettyRequestSender - Using open Channel [id: 0x631b3838, L:/192.168.1.60:61639 - R:hub-cloud.browserstack.com/207.254.8.4:443] for POST '/wd/hub/session/5bdc3f4a8e5cefb88ac2450c975a42a0b5f05738/timeouts'
03:45:58.352 [AsyncHttpClient-1-2] DEBUG org.asynchttpclient.netty.handler.HttpHandler - 

Request DefaultHttpRequest(decodeResult: success, version: HTTP/1.1)
POST /wd/hub/session/5bdc3f4a8e5cefb88ac2450c975a42a0b5f05738/timeouts HTTP/1.1
User-Agent: selenium/4.1.3 (java mac)
traceparent: 00-df8ef94b0079a58a8d4ef52afe318964-129d58849e5a66a6-01
Content-Length: 23
Content-Type: application/json; charset=utf-8
host: hub-cloud.browserstack.com
authorization: Basic Y2VzYXJyaW9zXzZ3TzRadDpldmdXZEdUMkw3cnBQempDNlh6Zw==
accept: */*

Response DefaultHttpResponse(decodeResult: success, version: HTTP/1.1)
HTTP/1.1 200 OK
Server: nginx
Date: Fri, 05 May 2023 08:45:58 GMT
Content-Type: application/json;charset=utf-8
Connection: keep-alive
Source-From: 02
expires: Thu, 01 Jan 1970 00:00:00 GMT
cache-control: no-cache, no-cache
temp-header: 8781-1191319687-13-1683276358.347-rproxy-core-002-dcp-use3a-prod.browserstack.com
content-length: 14

03:45:58.353 [AsyncHttpClient-1-2] DEBUG org.asynchttpclient.netty.channel.ChannelManager - Adding key: https://hub-cloud.browserstack.com:443 for channel [id: 0x631b3838, L:/192.168.1.60:61639 - R:hub-cloud.browserstack.com/207.254.8.4:443]
03:45:58.356 [Forwarding maximizeCurrentWindow on session 5bdc3f4a8e5cefb88ac2450c975a42a0b5f05738 to remote] DEBUG org.asynchttpclient.netty.request.NettyRequestSender - Using pooled Channel '[id: 0x631b3838, L:/192.168.1.60:61639 - R:hub-cloud.browserstack.com/207.254.8.4:443]' for 'POST' to 'https://cesarrios_6wO4Zt:evgWdGT2L7rpPzjC6Xzg@hub-cloud.browserstack.com/wd/hub/session/5bdc3f4a8e5cefb88ac2450c975a42a0b5f05738/window/maximize'
03:45:58.356 [Forwarding maximizeCurrentWindow on session 5bdc3f4a8e5cefb88ac2450c975a42a0b5f05738 to remote] DEBUG org.asynchttpclient.netty.request.NettyRequestSender - Using open Channel [id: 0x631b3838, L:/192.168.1.60:61639 - R:hub-cloud.browserstack.com/207.254.8.4:443] for POST '/wd/hub/session/5bdc3f4a8e5cefb88ac2450c975a42a0b5f05738/window/maximize'
03:45:58.936 [AsyncHttpClient-1-2] DEBUG org.asynchttpclient.netty.handler.HttpHandler - 

Request DefaultHttpRequest(decodeResult: success, version: HTTP/1.1)
POST /wd/hub/session/5bdc3f4a8e5cefb88ac2450c975a42a0b5f05738/window/maximize HTTP/1.1
User-Agent: selenium/4.1.3 (java mac)
traceparent: 00-56d874dc81363f49ba125663936c1514-387763ea530d9d48-01
Content-Length: 3
Content-Type: application/json; charset=utf-8
host: hub-cloud.browserstack.com
authorization: Basic Y2VzYXJyaW9zXzZ3TzRadDpldmdXZEdUMkw3cnBQempDNlh6Zw==
accept: */*

Response DefaultHttpResponse(decodeResult: success, version: HTTP/1.1)
HTTP/1.1 200 OK
Server: nginx
Date: Fri, 05 May 2023 08:45:58 GMT
Content-Type: application/json;charset=utf-8
Connection: keep-alive
Source-From: 02
expires: Thu, 01 Jan 1970 00:00:00 GMT
cache-control: no-cache, no-cache
temp-header: 10523-1809702500-98-1683276358.742-rproxy-core-001-dcp-use3a-prod.browserstack.com
content-length: 52

03:45:58.936 [AsyncHttpClient-1-2] DEBUG org.asynchttpclient.netty.channel.ChannelManager - Adding key: https://hub-cloud.browserstack.com:443 for channel [id: 0x631b3838, L:/192.168.1.60:61639 - R:hub-cloud.browserstack.com/207.254.8.4:443]
03:45:59.478 [main] DEBUG net.thucydides.core.reflection.ClassFinder - Could not load class .Pages.BasePage
03:45:59.478 [main] DEBUG net.thucydides.core.reflection.ClassFinder - Could not load class .Pages.LoginPage
03:45:59.478 [main] DEBUG net.thucydides.core.reflection.ClassFinder - Could not load class .Pages.ProductsPage
03:45:59.478 [main] DEBUG net.thucydides.core.reflection.ClassFinder - Could not load class .Pages.PurchasePage
03:45:59.478 [main] DEBUG net.thucydides.core.reflection.ClassFinder - Could not load class .Runner.CucumberTestSuite
03:45:59.478 [main] DEBUG net.thucydides.core.reflection.ClassFinder - Could not load class .Steps.LoginSteps.LoginSteps
03:45:59.478 [main] DEBUG net.thucydides.core.reflection.ClassFinder - Could not load class .Steps.ProductsSteps.ProductsSteps
03:45:59.478 [main] DEBUG net.thucydides.core.reflection.ClassFinder - Could not load class .Steps.PurchaseSteps.PurchaseSteps
03:45:59.478 [main] DEBUG net.thucydides.core.reflection.ClassFinder - Could not load class .StepsDefinitions.LoginDefinitions.LoginDefinitions
03:45:59.478 [main] DEBUG net.thucydides.core.reflection.ClassFinder - Could not load class .StepsDefinitions.ProductsDefinitions.ProductsDefinitions
03:45:59.479 [main] DEBUG net.thucydides.core.reflection.ClassFinder - Could not load class .StepsDefinitions.PurchaseDefinitions.PurchaseDefinitions
03:45:59.479 [main] DEBUG net.thucydides.core.reflection.ClassFinder - Could not load class .StepsDefinitions.hooks.Hooks
03:45:59.479 [main] DEBUG net.thucydides.core.reflection.ClassFinder - Could not load class .utils.AutomationException
03:45:59.479 [main] DEBUG net.thucydides.core.reflection.ClassFinder - Could not load class .utils.CapturedMesaages
03:45:59.479 [main] DEBUG net.thucydides.core.reflection.ClassFinder - Could not load class .utils.TestDataReader
03:45:59.479 [main] DEBUG net.thucydides.core.reflection.ClassFinder - Could not load class META-INF.versions.9.com.sun.istack.logging.StackHelper
03:45:59.479 [main] DEBUG net.thucydides.core.reflection.ClassFinder - Could not load class META-INF.versions.9.com.sun.xml.bind.v2.runtime.reflect.opt.AccessorInjector
03:45:59.479 [main] DEBUG net.thucydides.core.reflection.ClassFinder - Could not load class META-INF.versions.9.com.sun.xml.bind.v2.runtime.reflect.opt.Injector
03:45:59.479 [main] DEBUG net.thucydides.core.reflection.ClassFinder - Could not load class META-INF.versions.9.com.sun.xml.bind.v2.runtime.reflect.opt.OptimizedAccessorFactory
03:45:59.479 [main] DEBUG net.thucydides.core.reflection.ClassFinder - Could not load class META-INF.versions.9.com.sun.xml.bind.v2.runtime.reflect.opt.OptimizedTransducedAccessorFactory
03:45:59.479 [main] DEBUG net.thucydides.core.reflection.ClassFinder - Could not load class META-INF.versions.9.io.opentelemetry.sdk.internal.CurrentJavaVersionSpecific
03:45:59.480 [main] DEBUG net.thucydides.core.reflection.ClassFinder - Could not load class META-INF.versions.9.io.opentelemetry.sdk.internal.Java9VersionSpecific
03:45:59.480 [main] DEBUG net.thucydides.core.reflection.ClassFinder - Could not load class META-INF.versions.9.javax.xml.bind.ModuleUtil
03:45:59.480 [main] DEBUG net.thucydides.core.reflection.ClassFinder - Could not load class META-INF.versions.9.module-info
03:45:59.480 [main] DEBUG net.thucydides.core.reflection.ClassFinder - Could not load class META-INF.versions.9.org.junit.platform.commons.util.ModuleUtils
03:45:59.481 [main] DEBUG net.thucydides.core.reflection.ClassFinder - Could not load class com.google.gson.internal.
03:45:59.482 [main] DEBUG net.thucydides.core.reflection.ClassFinder - Could not load class com.sun.xml.bind.v2.runtime.output.FastInfosetStreamWriterOutput
03:45:59.483 [main] DEBUG net.thucydides.core.reflection.ClassFinder - Could not load class module-info
03:45:59.501 [Forwarding get on session 5bdc3f4a8e5cefb88ac2450c975a42a0b5f05738 to remote] DEBUG org.asynchttpclient.netty.request.NettyRequestSender - Using pooled Channel '[id: 0x631b3838, L:/192.168.1.60:61639 - R:hub-cloud.browserstack.com/207.254.8.4:443]' for 'POST' to 'https://cesarrios_6wO4Zt:evgWdGT2L7rpPzjC6Xzg@hub-cloud.browserstack.com/wd/hub/session/5bdc3f4a8e5cefb88ac2450c975a42a0b5f05738/url'
03:45:59.501 [Forwarding get on session 5bdc3f4a8e5cefb88ac2450c975a42a0b5f05738 to remote] DEBUG org.asynchttpclient.netty.request.NettyRequestSender - Using open Channel [id: 0x631b3838, L:/192.168.1.60:61639 - R:hub-cloud.browserstack.com/207.254.8.4:443] for POST '/wd/hub/session/5bdc3f4a8e5cefb88ac2450c975a42a0b5f05738/url'
03:46:00.964 [AsyncHttpClient-1-2] DEBUG org.asynchttpclient.netty.handler.HttpHandler - 

Request DefaultHttpRequest(decodeResult: success, version: HTTP/1.1)
POST /wd/hub/session/5bdc3f4a8e5cefb88ac2450c975a42a0b5f05738/url HTTP/1.1
User-Agent: selenium/4.1.3 (java mac)
traceparent: 00-bba8496c9b838787b19ce77cc3aa995a-bf4fdab30e78287e-01
Content-Length: 56
Content-Type: application/json; charset=utf-8
host: hub-cloud.browserstack.com
authorization: Basic Y2VzYXJyaW9zXzZ3TzRadDpldmdXZEdUMkw3cnBQempDNlh6Zw==
accept: */*

Response DefaultHttpResponse(decodeResult: success, version: HTTP/1.1)
HTTP/1.1 200 OK
Server: nginx
Date: Fri, 05 May 2023 08:46:00 GMT
Content-Type: application/json;charset=utf-8
Connection: keep-alive
Source-From: 02
expires: Thu, 01 Jan 1970 00:00:00 GMT
cache-control: no-cache, no-cache
temp-header: 8788-1191319554-13-1683276360.945-rproxy-core-002-dcp-use3a-prod.browserstack.com
content-length: 14

03:46:00.965 [AsyncHttpClient-1-2] DEBUG org.asynchttpclient.netty.channel.ChannelManager - Adding key: https://hub-cloud.browserstack.com:443 for channel [id: 0x631b3838, L:/192.168.1.60:61639 - R:hub-cloud.browserstack.com/207.254.8.4:443]
03:46:00.988 [main] DEBUG net.serenitybdd.core.photography.Darkroom - Opening darkroom
03:46:00.989 [Darkroom Processing Line] DEBUG net.serenitybdd.core.photography.DarkroomProcessingLine - Darkroom processing line starting up
03:46:00.993 [Forwarding screenshot on session 5bdc3f4a8e5cefb88ac2450c975a42a0b5f05738 to remote] DEBUG org.asynchttpclient.netty.request.NettyRequestSender - Using pooled Channel '[id: 0x631b3838, L:/192.168.1.60:61639 - R:hub-cloud.browserstack.com/207.254.8.4:443]' for 'GET' to 'https://cesarrios_6wO4Zt:evgWdGT2L7rpPzjC6Xzg@hub-cloud.browserstack.com/wd/hub/session/5bdc3f4a8e5cefb88ac2450c975a42a0b5f05738/screenshot'
03:46:00.993 [Forwarding screenshot on session 5bdc3f4a8e5cefb88ac2450c975a42a0b5f05738 to remote] DEBUG org.asynchttpclient.netty.request.NettyRequestSender - Using open Channel [id: 0x631b3838, L:/192.168.1.60:61639 - R:hub-cloud.browserstack.com/207.254.8.4:443] for GET '/wd/hub/session/5bdc3f4a8e5cefb88ac2450c975a42a0b5f05738/screenshot'
03:46:01.347 [AsyncHttpClient-1-2] DEBUG org.asynchttpclient.netty.handler.HttpHandler - 

Request DefaultFullHttpRequest(decodeResult: success, version: HTTP/1.1, content: EmptyByteBufBE)
GET /wd/hub/session/5bdc3f4a8e5cefb88ac2450c975a42a0b5f05738/screenshot HTTP/1.1
User-Agent: selenium/4.1.3 (java mac)
Cache-Control: no-cache
traceparent: 00-fd30291ae89e992d844b1e9fd0f3dc7c-7e6c388c0bf67d15-01
Content-Type: application/json; charset=utf-8
host: hub-cloud.browserstack.com
authorization: Basic Y2VzYXJyaW9zXzZ3TzRadDpldmdXZEdUMkw3cnBQempDNlh6Zw==
accept: */*

Response DefaultHttpResponse(decodeResult: success, version: HTTP/1.1)
HTTP/1.1 200 OK
Server: nginx
Date: Fri, 05 May 2023 08:46:01 GMT
Content-Type: application/json;charset=utf-8
Connection: keep-alive
Source-From: 02
expires: Thu, 01 Jan 1970 00:00:00 GMT
cache-control: no-cache, no-cache
temp-header: 10523-1809761940-49-1683276361.278-rproxy-core-001-dcp-use3a-prod.browserstack.com
content-length: 73488

03:46:01.525 [AsyncHttpClient-1-2] DEBUG org.asynchttpclient.netty.channel.ChannelManager - Adding key: https://hub-cloud.browserstack.com:443 for channel [id: 0x631b3838, L:/192.168.1.60:61639 - R:hub-cloud.browserstack.com/207.254.8.4:443]
03:46:01.587 [main] DEBUG net.serenitybdd.core.photography.Darkroom - Send negative for processing for target/site/serenity/4f77d3d43277cb11cc3b70b7da591ab444cabba1276d01f8f5d566e10ed3919d.png
03:46:01.587 [Darkroom Processing Line] DEBUG net.serenitybdd.core.photography.DarkroomProcessingLine - Processing screenshot image in /var/screenshots/screenshot-4904625224231061718
03:46:01.587 [Darkroom Processing Line] DEBUG net.serenitybdd.core.photography.DarkroomProcessingLine - Saving screenshot to target/site/serenity/4f77d3d43277cb11cc3b70b7da591ab444cabba1276d01f8f5d566e10ed3919d.png
03:46:01.589 [main] DEBUG net.thucydides.core.steps.StepInterceptor - STEP DONE: navigateToBaseUrl
03:46:01.602 [main] DEBUG net.thucydides.core.steps.StepInterceptor - STARTING STEP: LoginDefinitions.heLogsIntoSaucedemo - logIntoSaucedemo
03:46:01.604 [Forwarding setTimeout on session 5bdc3f4a8e5cefb88ac2450c975a42a0b5f05738 to remote] DEBUG org.asynchttpclient.netty.request.NettyRequestSender - Using pooled Channel '[id: 0x631b3838, L:/192.168.1.60:61639 - R:hub-cloud.browserstack.com/207.254.8.4:443]' for 'POST' to 'https://cesarrios_6wO4Zt:evgWdGT2L7rpPzjC6Xzg@hub-cloud.browserstack.com/wd/hub/session/5bdc3f4a8e5cefb88ac2450c975a42a0b5f05738/timeouts'
03:46:01.604 [Forwarding setTimeout on session 5bdc3f4a8e5cefb88ac2450c975a42a0b5f05738 to remote] DEBUG org.asynchttpclient.netty.request.NettyRequestSender - Using open Channel [id: 0x631b3838, L:/192.168.1.60:61639 - R:hub-cloud.browserstack.com/207.254.8.4:443] for POST '/wd/hub/session/5bdc3f4a8e5cefb88ac2450c975a42a0b5f05738/timeouts'
03:46:01.777 [AsyncHttpClient-1-2] DEBUG org.asynchttpclient.netty.handler.HttpHandler - 

Request DefaultHttpRequest(decodeResult: success, version: HTTP/1.1)
POST /wd/hub/session/5bdc3f4a8e5cefb88ac2450c975a42a0b5f05738/timeouts HTTP/1.1
User-Agent: selenium/4.1.3 (java mac)
traceparent: 00-4051b31f0af97ad9f873d405862f5ece-50644860bc2129da-01
Content-Length: 19
Content-Type: application/json; charset=utf-8
host: hub-cloud.browserstack.com
authorization: Basic Y2VzYXJyaW9zXzZ3TzRadDpldmdXZEdUMkw3cnBQempDNlh6Zw==
accept: */*

Response DefaultHttpResponse(decodeResult: success, version: HTTP/1.1)
HTTP/1.1 200 OK
Server: nginx
Date: Fri, 05 May 2023 08:46:01 GMT
Content-Type: application/json;charset=utf-8
Connection: keep-alive
Source-From: 02
expires: Thu, 01 Jan 1970 00:00:00 GMT
cache-control: no-cache, no-cache
temp-header: 8788-1191317877-23-1683276361.779-rproxy-core-002-dcp-use3a-prod.browserstack.com
content-length: 14

03:46:01.777 [AsyncHttpClient-1-2] DEBUG org.asynchttpclient.netty.channel.ChannelManager - Adding key: https://hub-cloud.browserstack.com:443 for channel [id: 0x631b3838, L:/192.168.1.60:61639 - R:hub-cloud.browserstack.com/207.254.8.4:443]
03:46:01.781 [Forwarding findElement on session 5bdc3f4a8e5cefb88ac2450c975a42a0b5f05738 to remote] DEBUG org.asynchttpclient.netty.request.NettyRequestSender - Using pooled Channel '[id: 0x631b3838, L:/192.168.1.60:61639 - R:hub-cloud.browserstack.com/207.254.8.4:443]' for 'POST' to 'https://cesarrios_6wO4Zt:evgWdGT2L7rpPzjC6Xzg@hub-cloud.browserstack.com/wd/hub/session/5bdc3f4a8e5cefb88ac2450c975a42a0b5f05738/element'
03:46:01.781 [Forwarding findElement on session 5bdc3f4a8e5cefb88ac2450c975a42a0b5f05738 to remote] DEBUG org.asynchttpclient.netty.request.NettyRequestSender - Using open Channel [id: 0x631b3838, L:/192.168.1.60:61639 - R:hub-cloud.browserstack.com/207.254.8.4:443] for POST '/wd/hub/session/5bdc3f4a8e5cefb88ac2450c975a42a0b5f05738/element'
03:46:02.052 [AsyncHttpClient-1-2] DEBUG org.asynchttpclient.netty.handler.HttpHandler - 

Request DefaultHttpRequest(decodeResult: success, version: HTTP/1.1)
POST /wd/hub/session/5bdc3f4a8e5cefb88ac2450c975a42a0b5f05738/element HTTP/1.1
User-Agent: selenium/4.1.3 (java mac)
traceparent: 00-f17b36f5ac5eba732343f2f871c8c4c3-0c5e37e44c083886-01
Content-Length: 81
Content-Type: application/json; charset=utf-8
host: hub-cloud.browserstack.com
authorization: Basic Y2VzYXJyaW9zXzZ3TzRadDpldmdXZEdUMkw3cnBQempDNlh6Zw==
accept: */*

Response DefaultHttpResponse(decodeResult: success, version: HTTP/1.1)
HTTP/1.1 200 OK
Server: nginx
Date: Fri, 05 May 2023 08:46:02 GMT
Content-Type: application/json;charset=utf-8
Connection: keep-alive
Source-From: 02
expires: Thu, 01 Jan 1970 00:00:00 GMT
cache-control: no-cache, no-cache
temp-header: 8789-1191322967-14-1683276361.998-rproxy-core-002-dcp-use3a-prod.browserstack.com
content-length: 88

03:46:02.053 [AsyncHttpClient-1-2] DEBUG org.asynchttpclient.netty.channel.ChannelManager - Adding key: https://hub-cloud.browserstack.com:443 for channel [id: 0x631b3838, L:/192.168.1.60:61639 - R:hub-cloud.browserstack.com/207.254.8.4:443]
03:46:02.056 [Forwarding setTimeout on session 5bdc3f4a8e5cefb88ac2450c975a42a0b5f05738 to remote] DEBUG org.asynchttpclient.netty.request.NettyRequestSender - Using pooled Channel '[id: 0x631b3838, L:/192.168.1.60:61639 - R:hub-cloud.browserstack.com/207.254.8.4:443]' for 'POST' to 'https://cesarrios_6wO4Zt:evgWdGT2L7rpPzjC6Xzg@hub-cloud.browserstack.com/wd/hub/session/5bdc3f4a8e5cefb88ac2450c975a42a0b5f05738/timeouts'
03:46:02.057 [Forwarding setTimeout on session 5bdc3f4a8e5cefb88ac2450c975a42a0b5f05738 to remote] DEBUG org.asynchttpclient.netty.request.NettyRequestSender - Using open Channel [id: 0x631b3838, L:/192.168.1.60:61639 - R:hub-cloud.browserstack.com/207.254.8.4:443] for POST '/wd/hub/session/5bdc3f4a8e5cefb88ac2450c975a42a0b5f05738/timeouts'
03:46:02.218 [AsyncHttpClient-1-2] DEBUG org.asynchttpclient.netty.handler.HttpHandler - 

Request DefaultHttpRequest(decodeResult: success, version: HTTP/1.1)
POST /wd/hub/session/5bdc3f4a8e5cefb88ac2450c975a42a0b5f05738/timeouts HTTP/1.1
User-Agent: selenium/4.1.3 (java mac)
traceparent: 00-850f223f7f361a7c8b308248a3457352-8f051989ea6044ee-01
Content-Length: 23
Content-Type: application/json; charset=utf-8
host: hub-cloud.browserstack.com
authorization: Basic Y2VzYXJyaW9zXzZ3TzRadDpldmdXZEdUMkw3cnBQempDNlh6Zw==
accept: */*

Response DefaultHttpResponse(decodeResult: success, version: HTTP/1.1)
HTTP/1.1 200 OK
Server: nginx
Date: Fri, 05 May 2023 08:46:02 GMT
Content-Type: application/json;charset=utf-8
Connection: keep-alive
Source-From: 02
expires: Thu, 01 Jan 1970 00:00:00 GMT
cache-control: no-cache, no-cache
temp-header: 10512-1809781743-4-1683276362.210-rproxy-core-001-dcp-use3a-prod.browserstack.com
content-length: 14

03:46:02.219 [AsyncHttpClient-1-2] DEBUG org.asynchttpclient.netty.channel.ChannelManager - Adding key: https://hub-cloud.browserstack.com:443 for channel [id: 0x631b3838, L:/192.168.1.60:61639 - R:hub-cloud.browserstack.com/207.254.8.4:443]
03:46:02.233 [Forwarding setTimeout on session 5bdc3f4a8e5cefb88ac2450c975a42a0b5f05738 to remote] DEBUG org.asynchttpclient.netty.request.NettyRequestSender - Using pooled Channel '[id: 0x631b3838, L:/192.168.1.60:61639 - R:hub-cloud.browserstack.com/207.254.8.4:443]' for 'POST' to 'https://cesarrios_6wO4Zt:evgWdGT2L7rpPzjC6Xzg@hub-cloud.browserstack.com/wd/hub/session/5bdc3f4a8e5cefb88ac2450c975a42a0b5f05738/timeouts'
03:46:02.233 [Forwarding setTimeout on session 5bdc3f4a8e5cefb88ac2450c975a42a0b5f05738 to remote] DEBUG org.asynchttpclient.netty.request.NettyRequestSender - Using open Channel [id: 0x631b3838, L:/192.168.1.60:61639 - R:hub-cloud.browserstack.com/207.254.8.4:443] for POST '/wd/hub/session/5bdc3f4a8e5cefb88ac2450c975a42a0b5f05738/timeouts'
03:46:02.397 [AsyncHttpClient-1-2] DEBUG org.asynchttpclient.netty.handler.HttpHandler - 

Request DefaultHttpRequest(decodeResult: success, version: HTTP/1.1)
POST /wd/hub/session/5bdc3f4a8e5cefb88ac2450c975a42a0b5f05738/timeouts HTTP/1.1
User-Agent: selenium/4.1.3 (java mac)
traceparent: 00-3c5b3119c792dd952259222dd4bb532e-1bb35b4b99057aa8-01
Content-Length: 19
Content-Type: application/json; charset=utf-8
host: hub-cloud.browserstack.com
authorization: Basic Y2VzYXJyaW9zXzZ3TzRadDpldmdXZEdUMkw3cnBQempDNlh6Zw==
accept: */*

Response DefaultHttpResponse(decodeResult: success, version: HTTP/1.1)
HTTP/1.1 200 OK
Server: nginx
Date: Fri, 05 May 2023 08:46:02 GMT
Content-Type: application/json;charset=utf-8
Connection: keep-alive
Source-From: 02
expires: Thu, 01 Jan 1970 00:00:00 GMT
cache-control: no-cache, no-cache
temp-header: 8780-1191303367-37-1683276362.392-rproxy-core-002-dcp-use3a-prod.browserstack.com
content-length: 14

03:46:02.398 [AsyncHttpClient-1-2] DEBUG org.asynchttpclient.netty.channel.ChannelManager - Adding key: https://hub-cloud.browserstack.com:443 for channel [id: 0x631b3838, L:/192.168.1.60:61639 - R:hub-cloud.browserstack.com/207.254.8.4:443]
03:46:02.405 [Forwarding findElement on session 5bdc3f4a8e5cefb88ac2450c975a42a0b5f05738 to remote] DEBUG org.asynchttpclient.netty.request.NettyRequestSender - Using pooled Channel '[id: 0x631b3838, L:/192.168.1.60:61639 - R:hub-cloud.browserstack.com/207.254.8.4:443]' for 'POST' to 'https://cesarrios_6wO4Zt:evgWdGT2L7rpPzjC6Xzg@hub-cloud.browserstack.com/wd/hub/session/5bdc3f4a8e5cefb88ac2450c975a42a0b5f05738/element'
03:46:02.406 [Forwarding findElement on session 5bdc3f4a8e5cefb88ac2450c975a42a0b5f05738 to remote] DEBUG org.asynchttpclient.netty.request.NettyRequestSender - Using open Channel [id: 0x631b3838, L:/192.168.1.60:61639 - R:hub-cloud.browserstack.com/207.254.8.4:443] for POST '/wd/hub/session/5bdc3f4a8e5cefb88ac2450c975a42a0b5f05738/element'
03:46:02.609 [AsyncHttpClient-1-2] DEBUG org.asynchttpclient.netty.handler.HttpHandler - 

Request DefaultHttpRequest(decodeResult: success, version: HTTP/1.1)
POST /wd/hub/session/5bdc3f4a8e5cefb88ac2450c975a42a0b5f05738/element HTTP/1.1
User-Agent: selenium/4.1.3 (java mac)
traceparent: 00-06a6f5f540af9dff7e6d933e3ce3a6f0-864096edf032179d-01
Content-Length: 81
Content-Type: application/json; charset=utf-8
host: hub-cloud.browserstack.com
authorization: Basic Y2VzYXJyaW9zXzZ3TzRadDpldmdXZEdUMkw3cnBQempDNlh6Zw==
accept: */*

Response DefaultHttpResponse(decodeResult: success, version: HTTP/1.1)
HTTP/1.1 200 OK
Server: nginx
Date: Fri, 05 May 2023 08:46:02 GMT
Content-Type: application/json;charset=utf-8
Connection: keep-alive
Source-From: 02
expires: Thu, 01 Jan 1970 00:00:00 GMT
cache-control: no-cache, no-cache
temp-header: 10521-1809746851-93-1683276362.609-rproxy-core-001-dcp-use3a-prod.browserstack.com
content-length: 88

03:46:02.610 [AsyncHttpClient-1-2] DEBUG org.asynchttpclient.netty.channel.ChannelManager - Adding key: https://hub-cloud.browserstack.com:443 for channel [id: 0x631b3838, L:/192.168.1.60:61639 - R:hub-cloud.browserstack.com/207.254.8.4:443]
03:46:02.616 [Forwarding setTimeout on session 5bdc3f4a8e5cefb88ac2450c975a42a0b5f05738 to remote] DEBUG org.asynchttpclient.netty.request.NettyRequestSender - Using pooled Channel '[id: 0x631b3838, L:/192.168.1.60:61639 - R:hub-cloud.browserstack.com/207.254.8.4:443]' for 'POST' to 'https://cesarrios_6wO4Zt:evgWdGT2L7rpPzjC6Xzg@hub-cloud.browserstack.com/wd/hub/session/5bdc3f4a8e5cefb88ac2450c975a42a0b5f05738/timeouts'
03:46:02.616 [Forwarding setTimeout on session 5bdc3f4a8e5cefb88ac2450c975a42a0b5f05738 to remote] DEBUG org.asynchttpclient.netty.request.NettyRequestSender - Using open Channel [id: 0x631b3838, L:/192.168.1.60:61639 - R:hub-cloud.browserstack.com/207.254.8.4:443] for POST '/wd/hub/session/5bdc3f4a8e5cefb88ac2450c975a42a0b5f05738/timeouts'
03:46:02.793 [AsyncHttpClient-1-2] DEBUG org.asynchttpclient.netty.handler.HttpHandler - 

Request DefaultHttpRequest(decodeResult: success, version: HTTP/1.1)
POST /wd/hub/session/5bdc3f4a8e5cefb88ac2450c975a42a0b5f05738/timeouts HTTP/1.1
User-Agent: selenium/4.1.3 (java mac)
traceparent: 00-6060e2a88c54a6b9ccbfcd1b47bdcca4-461d81310519f123-01
Content-Length: 23
Content-Type: application/json; charset=utf-8
host: hub-cloud.browserstack.com
authorization: Basic Y2VzYXJyaW9zXzZ3TzRadDpldmdXZEdUMkw3cnBQempDNlh6Zw==
accept: */*

Response DefaultHttpResponse(decodeResult: success, version: HTTP/1.1)
HTTP/1.1 200 OK
Server: nginx
Date: Fri, 05 May 2023 08:46:02 GMT
Content-Type: application/json;charset=utf-8
Connection: keep-alive
Source-From: 02
expires: Thu, 01 Jan 1970 00:00:00 GMT
cache-control: no-cache, no-cache
temp-header: 8785-1191306794-36-1683276362.788-rproxy-core-002-dcp-use3a-prod.browserstack.com
content-length: 14

03:46:02.794 [AsyncHttpClient-1-2] DEBUG org.asynchttpclient.netty.channel.ChannelManager - Adding key: https://hub-cloud.browserstack.com:443 for channel [id: 0x631b3838, L:/192.168.1.60:61639 - R:hub-cloud.browserstack.com/207.254.8.4:443]
03:46:02.810 [Forwarding isElementDisplayed on session 5bdc3f4a8e5cefb88ac2450c975a42a0b5f05738 to remote] DEBUG org.asynchttpclient.netty.request.NettyRequestSender - Using pooled Channel '[id: 0x631b3838, L:/192.168.1.60:61639 - R:hub-cloud.browserstack.com/207.254.8.4:443]' for 'POST' to 'https://cesarrios_6wO4Zt:evgWdGT2L7rpPzjC6Xzg@hub-cloud.browserstack.com/wd/hub/session/5bdc3f4a8e5cefb88ac2450c975a42a0b5f05738/execute/sync'
03:46:02.810 [Forwarding isElementDisplayed on session 5bdc3f4a8e5cefb88ac2450c975a42a0b5f05738 to remote] DEBUG org.asynchttpclient.netty.request.NettyRequestSender - Using open Channel [id: 0x631b3838, L:/192.168.1.60:61639 - R:hub-cloud.browserstack.com/207.254.8.4:443] for POST '/wd/hub/session/5bdc3f4a8e5cefb88ac2450c975a42a0b5f05738/execute/sync'
03:46:03.183 [AsyncHttpClient-1-2] DEBUG org.asynchttpclient.netty.handler.HttpHandler - 

Request DefaultHttpRequest(decodeResult: success, version: HTTP/1.1)
POST /wd/hub/session/5bdc3f4a8e5cefb88ac2450c975a42a0b5f05738/execute/sync HTTP/1.1
User-Agent: selenium/4.1.3 (java mac)
traceparent: 00-de9a3336c75d88a28f9fbcdd8cf6d819-becdd8e03bfc8f49-01
Content-Length: 48780
Content-Type: application/json; charset=utf-8
host: hub-cloud.browserstack.com
authorization: Basic Y2VzYXJyaW9zXzZ3TzRadDpldmdXZEdUMkw3cnBQempDNlh6Zw==
accept: */*

Response DefaultHttpResponse(decodeResult: success, version: HTTP/1.1)
HTTP/1.1 200 OK
Server: nginx
Date: Fri, 05 May 2023 08:46:03 GMT
Content-Type: application/json;charset=utf-8
Connection: keep-alive
Source-From: 02
expires: Thu, 01 Jan 1970 00:00:00 GMT
cache-control: no-cache, no-cache
temp-header: 8778-1191296162-82-1683276363.168-rproxy-core-002-dcp-use3a-prod.browserstack.com
content-length: 14

03:46:03.184 [AsyncHttpClient-1-2] DEBUG org.asynchttpclient.netty.channel.ChannelManager - Adding key: https://hub-cloud.browserstack.com:443 for channel [id: 0x631b3838, L:/192.168.1.60:61639 - R:hub-cloud.browserstack.com/207.254.8.4:443]
03:46:03.195 [Forwarding setTimeout on session 5bdc3f4a8e5cefb88ac2450c975a42a0b5f05738 to remote] DEBUG org.asynchttpclient.netty.request.NettyRequestSender - Using pooled Channel '[id: 0x631b3838, L:/192.168.1.60:61639 - R:hub-cloud.browserstack.com/207.254.8.4:443]' for 'POST' to 'https://cesarrios_6wO4Zt:evgWdGT2L7rpPzjC6Xzg@hub-cloud.browserstack.com/wd/hub/session/5bdc3f4a8e5cefb88ac2450c975a42a0b5f05738/timeouts'
03:46:03.195 [Forwarding setTimeout on session 5bdc3f4a8e5cefb88ac2450c975a42a0b5f05738 to remote] DEBUG org.asynchttpclient.netty.request.NettyRequestSender - Using open Channel [id: 0x631b3838, L:/192.168.1.60:61639 - R:hub-cloud.browserstack.com/207.254.8.4:443] for POST '/wd/hub/session/5bdc3f4a8e5cefb88ac2450c975a42a0b5f05738/timeouts'
03:46:03.350 [AsyncHttpClient-1-2] DEBUG org.asynchttpclient.netty.handler.HttpHandler - 

Request DefaultHttpRequest(decodeResult: success, version: HTTP/1.1)
POST /wd/hub/session/5bdc3f4a8e5cefb88ac2450c975a42a0b5f05738/timeouts HTTP/1.1
User-Agent: selenium/4.1.3 (java mac)
traceparent: 00-c7592d7c8cf85a8d6f95e0600e7351a2-4151562d03891369-01
Content-Length: 23
Content-Type: application/json; charset=utf-8
host: hub-cloud.browserstack.com
authorization: Basic Y2VzYXJyaW9zXzZ3TzRadDpldmdXZEdUMkw3cnBQempDNlh6Zw==
accept: */*

Response DefaultHttpResponse(decodeResult: success, version: HTTP/1.1)
HTTP/1.1 200 OK
Server: nginx
Date: Fri, 05 May 2023 08:46:03 GMT
Content-Type: application/json;charset=utf-8
Connection: keep-alive
Source-From: 02
expires: Thu, 01 Jan 1970 00:00:00 GMT
cache-control: no-cache, no-cache
temp-header: 10515-1809782805-5-1683276363.347-rproxy-core-001-dcp-use3a-prod.browserstack.com
content-length: 14

03:46:03.350 [AsyncHttpClient-1-2] DEBUG org.asynchttpclient.netty.channel.ChannelManager - Adding key: https://hub-cloud.browserstack.com:443 for channel [id: 0x631b3838, L:/192.168.1.60:61639 - R:hub-cloud.browserstack.com/207.254.8.4:443]
03:46:03.354 [Forwarding findElement on session 5bdc3f4a8e5cefb88ac2450c975a42a0b5f05738 to remote] DEBUG org.asynchttpclient.netty.request.NettyRequestSender - Using pooled Channel '[id: 0x631b3838, L:/192.168.1.60:61639 - R:hub-cloud.browserstack.com/207.254.8.4:443]' for 'POST' to 'https://cesarrios_6wO4Zt:evgWdGT2L7rpPzjC6Xzg@hub-cloud.browserstack.com/wd/hub/session/5bdc3f4a8e5cefb88ac2450c975a42a0b5f05738/element'
03:46:03.355 [Forwarding findElement on session 5bdc3f4a8e5cefb88ac2450c975a42a0b5f05738 to remote] DEBUG org.asynchttpclient.netty.request.NettyRequestSender - Using open Channel [id: 0x631b3838, L:/192.168.1.60:61639 - R:hub-cloud.browserstack.com/207.254.8.4:443] for POST '/wd/hub/session/5bdc3f4a8e5cefb88ac2450c975a42a0b5f05738/element'
03:46:03.563 [AsyncHttpClient-1-2] DEBUG org.asynchttpclient.netty.handler.HttpHandler - 

Request DefaultHttpRequest(decodeResult: success, version: HTTP/1.1)
POST /wd/hub/session/5bdc3f4a8e5cefb88ac2450c975a42a0b5f05738/element HTTP/1.1
User-Agent: selenium/4.1.3 (java mac)
traceparent: 00-f5befb4c467ef85bba8b65e35beeca83-1d25f8270d95f8bd-01
Content-Length: 81
Content-Type: application/json; charset=utf-8
host: hub-cloud.browserstack.com
authorization: Basic Y2VzYXJyaW9zXzZ3TzRadDpldmdXZEdUMkw3cnBQempDNlh6Zw==
accept: */*

Response DefaultHttpResponse(decodeResult: success, version: HTTP/1.1)
HTTP/1.1 200 OK
Server: nginx
Date: Fri, 05 May 2023 08:46:03 GMT
Content-Type: application/json;charset=utf-8
Connection: keep-alive
Source-From: 02
expires: Thu, 01 Jan 1970 00:00:00 GMT
cache-control: no-cache, no-cache
temp-header: 10518-1809751891-31-1683276363.536-rproxy-core-001-dcp-use3a-prod.browserstack.com
content-length: 88

03:46:03.563 [AsyncHttpClient-1-2] DEBUG org.asynchttpclient.netty.channel.ChannelManager - Adding key: https://hub-cloud.browserstack.com:443 for channel [id: 0x631b3838, L:/192.168.1.60:61639 - R:hub-cloud.browserstack.com/207.254.8.4:443]
03:46:03.565 [Forwarding setTimeout on session 5bdc3f4a8e5cefb88ac2450c975a42a0b5f05738 to remote] DEBUG org.asynchttpclient.netty.request.NettyRequestSender - Using pooled Channel '[id: 0x631b3838, L:/192.168.1.60:61639 - R:hub-cloud.browserstack.com/207.254.8.4:443]' for 'POST' to 'https://cesarrios_6wO4Zt:evgWdGT2L7rpPzjC6Xzg@hub-cloud.browserstack.com/wd/hub/session/5bdc3f4a8e5cefb88ac2450c975a42a0b5f05738/timeouts'
03:46:03.565 [Forwarding setTimeout on session 5bdc3f4a8e5cefb88ac2450c975a42a0b5f05738 to remote] DEBUG org.asynchttpclient.netty.request.NettyRequestSender - Using open Channel [id: 0x631b3838, L:/192.168.1.60:61639 - R:hub-cloud.browserstack.com/207.254.8.4:443] for POST '/wd/hub/session/5bdc3f4a8e5cefb88ac2450c975a42a0b5f05738/timeouts'
03:46:03.723 [AsyncHttpClient-1-2] DEBUG org.asynchttpclient.netty.handler.HttpHandler - 

Request DefaultHttpRequest(decodeResult: success, version: HTTP/1.1)
POST /wd/hub/session/5bdc3f4a8e5cefb88ac2450c975a42a0b5f05738/timeouts HTTP/1.1
User-Agent: selenium/4.1.3 (java mac)
traceparent: 00-62adbd4b795f97339ce2718577f60b13-ba59da0119211273-01
Content-Length: 23
Content-Type: application/json; charset=utf-8
host: hub-cloud.browserstack.com
authorization: Basic Y2VzYXJyaW9zXzZ3TzRadDpldmdXZEdUMkw3cnBQempDNlh6Zw==
accept: */*

Response DefaultHttpResponse(decodeResult: success, version: HTTP/1.1)
HTTP/1.1 200 OK
Server: nginx
Date: Fri, 05 May 2023 08:46:03 GMT
Content-Type: application/json;charset=utf-8
Connection: keep-alive
Source-From: 02
expires: Thu, 01 Jan 1970 00:00:00 GMT
cache-control: no-cache, no-cache
temp-header: 10520-1809757347-57-1683276363.722-rproxy-core-001-dcp-use3a-prod.browserstack.com
content-length: 14

03:46:03.724 [AsyncHttpClient-1-2] DEBUG org.asynchttpclient.netty.channel.ChannelManager - Adding key: https://hub-cloud.browserstack.com:443 for channel [id: 0x631b3838, L:/192.168.1.60:61639 - R:hub-cloud.browserstack.com/207.254.8.4:443]
03:46:03.732 [Forwarding isElementDisplayed on session 5bdc3f4a8e5cefb88ac2450c975a42a0b5f05738 to remote] DEBUG org.asynchttpclient.netty.request.NettyRequestSender - Using pooled Channel '[id: 0x631b3838, L:/192.168.1.60:61639 - R:hub-cloud.browserstack.com/207.254.8.4:443]' for 'POST' to 'https://cesarrios_6wO4Zt:evgWdGT2L7rpPzjC6Xzg@hub-cloud.browserstack.com/wd/hub/session/5bdc3f4a8e5cefb88ac2450c975a42a0b5f05738/execute/sync'
03:46:03.732 [Forwarding isElementDisplayed on session 5bdc3f4a8e5cefb88ac2450c975a42a0b5f05738 to remote] DEBUG org.asynchttpclient.netty.request.NettyRequestSender - Using open Channel [id: 0x631b3838, L:/192.168.1.60:61639 - R:hub-cloud.browserstack.com/207.254.8.4:443] for POST '/wd/hub/session/5bdc3f4a8e5cefb88ac2450c975a42a0b5f05738/execute/sync'
03:46:04.076 [AsyncHttpClient-1-2] DEBUG org.asynchttpclient.netty.handler.HttpHandler - 

Request DefaultHttpRequest(decodeResult: success, version: HTTP/1.1)
POST /wd/hub/session/5bdc3f4a8e5cefb88ac2450c975a42a0b5f05738/execute/sync HTTP/1.1
User-Agent: selenium/4.1.3 (java mac)
traceparent: 00-ce0eccfd2406d213b1a14fdeb660df07-b038cc0661d04bb3-01
Content-Length: 48780
Content-Type: application/json; charset=utf-8
host: hub-cloud.browserstack.com
authorization: Basic Y2VzYXJyaW9zXzZ3TzRadDpldmdXZEdUMkw3cnBQempDNlh6Zw==
accept: */*

Response DefaultHttpResponse(decodeResult: success, version: HTTP/1.1)
HTTP/1.1 200 OK
Server: nginx
Date: Fri, 05 May 2023 08:46:04 GMT
Content-Type: application/json;charset=utf-8
Connection: keep-alive
Source-From: 02
expires: Thu, 01 Jan 1970 00:00:00 GMT
cache-control: no-cache, no-cache
temp-header: 10516-1809783768-1-1683276364.062-rproxy-core-001-dcp-use3a-prod.browserstack.com
content-length: 14

03:46:04.076 [AsyncHttpClient-1-2] DEBUG org.asynchttpclient.netty.channel.ChannelManager - Adding key: https://hub-cloud.browserstack.com:443 for channel [id: 0x631b3838, L:/192.168.1.60:61639 - R:hub-cloud.browserstack.com/207.254.8.4:443]
03:46:04.082 [Forwarding isElementDisplayed on session 5bdc3f4a8e5cefb88ac2450c975a42a0b5f05738 to remote] DEBUG org.asynchttpclient.netty.request.NettyRequestSender - Using pooled Channel '[id: 0x631b3838, L:/192.168.1.60:61639 - R:hub-cloud.browserstack.com/207.254.8.4:443]' for 'POST' to 'https://cesarrios_6wO4Zt:evgWdGT2L7rpPzjC6Xzg@hub-cloud.browserstack.com/wd/hub/session/5bdc3f4a8e5cefb88ac2450c975a42a0b5f05738/execute/sync'
03:46:04.082 [Forwarding isElementDisplayed on session 5bdc3f4a8e5cefb88ac2450c975a42a0b5f05738 to remote] DEBUG org.asynchttpclient.netty.request.NettyRequestSender - Using open Channel [id: 0x631b3838, L:/192.168.1.60:61639 - R:hub-cloud.browserstack.com/207.254.8.4:443] for POST '/wd/hub/session/5bdc3f4a8e5cefb88ac2450c975a42a0b5f05738/execute/sync'
03:46:04.422 [AsyncHttpClient-1-2] DEBUG org.asynchttpclient.netty.handler.HttpHandler - 

Request DefaultHttpRequest(decodeResult: success, version: HTTP/1.1)
POST /wd/hub/session/5bdc3f4a8e5cefb88ac2450c975a42a0b5f05738/execute/sync HTTP/1.1
User-Agent: selenium/4.1.3 (java mac)
traceparent: 00-084fcec2f70ecae1eda8c053cedc2d54-800ad3efac80aef4-01
Content-Length: 48780
Content-Type: application/json; charset=utf-8
host: hub-cloud.browserstack.com
authorization: Basic Y2VzYXJyaW9zXzZ3TzRadDpldmdXZEdUMkw3cnBQempDNlh6Zw==
accept: */*

Response DefaultHttpResponse(decodeResult: success, version: HTTP/1.1)
HTTP/1.1 200 OK
Server: nginx
Date: Fri, 05 May 2023 08:46:04 GMT
Content-Type: application/json;charset=utf-8
Connection: keep-alive
Source-From: 02
expires: Thu, 01 Jan 1970 00:00:00 GMT
cache-control: no-cache, no-cache
temp-header: 8786-1191299795-80-1683276364.411-rproxy-core-002-dcp-use3a-prod.browserstack.com
content-length: 14

03:46:04.423 [AsyncHttpClient-1-2] DEBUG org.asynchttpclient.netty.channel.ChannelManager - Adding key: https://hub-cloud.browserstack.com:443 for channel [id: 0x631b3838, L:/192.168.1.60:61639 - R:hub-cloud.browserstack.com/207.254.8.4:443]
03:46:04.430 [Forwarding setTimeout on session 5bdc3f4a8e5cefb88ac2450c975a42a0b5f05738 to remote] DEBUG org.asynchttpclient.netty.request.NettyRequestSender - Using pooled Channel '[id: 0x631b3838, L:/192.168.1.60:61639 - R:hub-cloud.browserstack.com/207.254.8.4:443]' for 'POST' to 'https://cesarrios_6wO4Zt:evgWdGT2L7rpPzjC6Xzg@hub-cloud.browserstack.com/wd/hub/session/5bdc3f4a8e5cefb88ac2450c975a42a0b5f05738/timeouts'
03:46:04.430 [Forwarding setTimeout on session 5bdc3f4a8e5cefb88ac2450c975a42a0b5f05738 to remote] DEBUG org.asynchttpclient.netty.request.NettyRequestSender - Using open Channel [id: 0x631b3838, L:/192.168.1.60:61639 - R:hub-cloud.browserstack.com/207.254.8.4:443] for POST '/wd/hub/session/5bdc3f4a8e5cefb88ac2450c975a42a0b5f05738/timeouts'
03:46:04.645 [AsyncHttpClient-1-2] DEBUG org.asynchttpclient.netty.handler.HttpHandler - 

Request DefaultHttpRequest(decodeResult: success, version: HTTP/1.1)
POST /wd/hub/session/5bdc3f4a8e5cefb88ac2450c975a42a0b5f05738/timeouts HTTP/1.1
User-Agent: selenium/4.1.3 (java mac)
traceparent: 00-ec0c17fd9281832dec533bc3c33798ac-5671bb78a930da32-01
Content-Length: 19
Content-Type: application/json; charset=utf-8
host: hub-cloud.browserstack.com
authorization: Basic Y2VzYXJyaW9zXzZ3TzRadDpldmdXZEdUMkw3cnBQempDNlh6Zw==
accept: */*

Response DefaultHttpResponse(decodeResult: success, version: HTTP/1.1)
HTTP/1.1 200 OK
Server: nginx
Date: Fri, 05 May 2023 08:46:04 GMT
Content-Type: application/json;charset=utf-8
Connection: keep-alive
Source-From: 02
expires: Thu, 01 Jan 1970 00:00:00 GMT
cache-control: no-cache, no-cache
temp-header: 10517-1809773617-38-1683276364.612-rproxy-core-001-dcp-use3a-prod.browserstack.com
content-length: 14

03:46:04.646 [AsyncHttpClient-1-2] DEBUG org.asynchttpclient.netty.channel.ChannelManager - Adding key: https://hub-cloud.browserstack.com:443 for channel [id: 0x631b3838, L:/192.168.1.60:61639 - R:hub-cloud.browserstack.com/207.254.8.4:443]
03:46:04.652 [Forwarding findElement on session 5bdc3f4a8e5cefb88ac2450c975a42a0b5f05738 to remote] DEBUG org.asynchttpclient.netty.request.NettyRequestSender - Using pooled Channel '[id: 0x631b3838, L:/192.168.1.60:61639 - R:hub-cloud.browserstack.com/207.254.8.4:443]' for 'POST' to 'https://cesarrios_6wO4Zt:evgWdGT2L7rpPzjC6Xzg@hub-cloud.browserstack.com/wd/hub/session/5bdc3f4a8e5cefb88ac2450c975a42a0b5f05738/element'
03:46:04.652 [Forwarding findElement on session 5bdc3f4a8e5cefb88ac2450c975a42a0b5f05738 to remote] DEBUG org.asynchttpclient.netty.request.NettyRequestSender - Using open Channel [id: 0x631b3838, L:/192.168.1.60:61639 - R:hub-cloud.browserstack.com/207.254.8.4:443] for POST '/wd/hub/session/5bdc3f4a8e5cefb88ac2450c975a42a0b5f05738/element'
03:46:04.837 [AsyncHttpClient-1-2] DEBUG org.asynchttpclient.netty.handler.HttpHandler - 

Request DefaultHttpRequest(decodeResult: success, version: HTTP/1.1)
POST /wd/hub/session/5bdc3f4a8e5cefb88ac2450c975a42a0b5f05738/element HTTP/1.1
User-Agent: selenium/4.1.3 (java mac)
traceparent: 00-120885b1a2c41b1115fd71156f255515-f8a03881161de8e7-01
Content-Length: 81
Content-Type: application/json; charset=utf-8
host: hub-cloud.browserstack.com
authorization: Basic Y2VzYXJyaW9zXzZ3TzRadDpldmdXZEdUMkw3cnBQempDNlh6Zw==
accept: */*

Response DefaultHttpResponse(decodeResult: success, version: HTTP/1.1)
HTTP/1.1 200 OK
Server: nginx
Date: Fri, 05 May 2023 08:46:04 GMT
Content-Type: application/json;charset=utf-8
Connection: keep-alive
Source-From: 02
expires: Thu, 01 Jan 1970 00:00:00 GMT
cache-control: no-cache, no-cache
temp-header: 8787-1191327746-1-1683276364.837-rproxy-core-002-dcp-use3a-prod.browserstack.com
content-length: 88

03:46:04.838 [AsyncHttpClient-1-2] DEBUG org.asynchttpclient.netty.channel.ChannelManager - Adding key: https://hub-cloud.browserstack.com:443 for channel [id: 0x631b3838, L:/192.168.1.60:61639 - R:hub-cloud.browserstack.com/207.254.8.4:443]
03:46:04.841 [Forwarding setTimeout on session 5bdc3f4a8e5cefb88ac2450c975a42a0b5f05738 to remote] DEBUG org.asynchttpclient.netty.request.NettyRequestSender - Using pooled Channel '[id: 0x631b3838, L:/192.168.1.60:61639 - R:hub-cloud.browserstack.com/207.254.8.4:443]' for 'POST' to 'https://cesarrios_6wO4Zt:evgWdGT2L7rpPzjC6Xzg@hub-cloud.browserstack.com/wd/hub/session/5bdc3f4a8e5cefb88ac2450c975a42a0b5f05738/timeouts'
03:46:04.842 [Forwarding setTimeout on session 5bdc3f4a8e5cefb88ac2450c975a42a0b5f05738 to remote] DEBUG org.asynchttpclient.netty.request.NettyRequestSender - Using open Channel [id: 0x631b3838, L:/192.168.1.60:61639 - R:hub-cloud.browserstack.com/207.254.8.4:443] for POST '/wd/hub/session/5bdc3f4a8e5cefb88ac2450c975a42a0b5f05738/timeouts'
03:46:05.016 [AsyncHttpClient-1-2] DEBUG org.asynchttpclient.netty.handler.HttpHandler - 

Request DefaultHttpRequest(decodeResult: success, version: HTTP/1.1)
POST /wd/hub/session/5bdc3f4a8e5cefb88ac2450c975a42a0b5f05738/timeouts HTTP/1.1
User-Agent: selenium/4.1.3 (java mac)
traceparent: 00-84a6796d083d1a1605b4b94f9921a29c-87a40eb495bffbdc-01
Content-Length: 23
Content-Type: application/json; charset=utf-8
host: hub-cloud.browserstack.com
authorization: Basic Y2VzYXJyaW9zXzZ3TzRadDpldmdXZEdUMkw3cnBQempDNlh6Zw==
accept: */*

Response DefaultHttpResponse(decodeResult: success, version: HTTP/1.1)
HTTP/1.1 200 OK
Server: nginx
Date: Fri, 05 May 2023 08:46:05 GMT
Content-Type: application/json;charset=utf-8
Connection: keep-alive
Source-From: 02
expires: Thu, 01 Jan 1970 00:00:00 GMT
cache-control: no-cache, no-cache
temp-header: 8787-1191310163-36-1683276365.015-rproxy-core-002-dcp-use3a-prod.browserstack.com
content-length: 14

03:46:05.017 [AsyncHttpClient-1-2] DEBUG org.asynchttpclient.netty.channel.ChannelManager - Adding key: https://hub-cloud.browserstack.com:443 for channel [id: 0x631b3838, L:/192.168.1.60:61639 - R:hub-cloud.browserstack.com/207.254.8.4:443]
03:46:05.026 [Forwarding setTimeout on session 5bdc3f4a8e5cefb88ac2450c975a42a0b5f05738 to remote] DEBUG org.asynchttpclient.netty.request.NettyRequestSender - Using pooled Channel '[id: 0x631b3838, L:/192.168.1.60:61639 - R:hub-cloud.browserstack.com/207.254.8.4:443]' for 'POST' to 'https://cesarrios_6wO4Zt:evgWdGT2L7rpPzjC6Xzg@hub-cloud.browserstack.com/wd/hub/session/5bdc3f4a8e5cefb88ac2450c975a42a0b5f05738/timeouts'
03:46:05.026 [Forwarding setTimeout on session 5bdc3f4a8e5cefb88ac2450c975a42a0b5f05738 to remote] DEBUG org.asynchttpclient.netty.request.NettyRequestSender - Using open Channel [id: 0x631b3838, L:/192.168.1.60:61639 - R:hub-cloud.browserstack.com/207.254.8.4:443] for POST '/wd/hub/session/5bdc3f4a8e5cefb88ac2450c975a42a0b5f05738/timeouts'
03:46:05.241 [AsyncHttpClient-1-2] DEBUG org.asynchttpclient.netty.handler.HttpHandler - 

Request DefaultHttpRequest(decodeResult: success, version: HTTP/1.1)
POST /wd/hub/session/5bdc3f4a8e5cefb88ac2450c975a42a0b5f05738/timeouts HTTP/1.1
User-Agent: selenium/4.1.3 (java mac)
traceparent: 00-3afb2db12f35d1017c900915a58c7462-be97224d3da4f262-01
Content-Length: 19
Content-Type: application/json; charset=utf-8
host: hub-cloud.browserstack.com
authorization: Basic Y2VzYXJyaW9zXzZ3TzRadDpldmdXZEdUMkw3cnBQempDNlh6Zw==
accept: */*

Response DefaultHttpResponse(decodeResult: success, version: HTTP/1.1)
HTTP/1.1 200 OK
Server: nginx
Date: Fri, 05 May 2023 08:46:05 GMT
Content-Type: application/json;charset=utf-8
Connection: keep-alive
Source-From: 02
expires: Thu, 01 Jan 1970 00:00:00 GMT
cache-control: no-cache, no-cache
temp-header: 10522-1809784100-2-1683276365.231-rproxy-core-001-dcp-use3a-prod.browserstack.com
content-length: 14

03:46:05.241 [AsyncHttpClient-1-2] DEBUG org.asynchttpclient.netty.channel.ChannelManager - Adding key: https://hub-cloud.browserstack.com:443 for channel [id: 0x631b3838, L:/192.168.1.60:61639 - R:hub-cloud.browserstack.com/207.254.8.4:443]
03:46:05.247 [Forwarding findElement on session 5bdc3f4a8e5cefb88ac2450c975a42a0b5f05738 to remote] DEBUG org.asynchttpclient.netty.request.NettyRequestSender - Using pooled Channel '[id: 0x631b3838, L:/192.168.1.60:61639 - R:hub-cloud.browserstack.com/207.254.8.4:443]' for 'POST' to 'https://cesarrios_6wO4Zt:evgWdGT2L7rpPzjC6Xzg@hub-cloud.browserstack.com/wd/hub/session/5bdc3f4a8e5cefb88ac2450c975a42a0b5f05738/element'
03:46:05.248 [Forwarding findElement on session 5bdc3f4a8e5cefb88ac2450c975a42a0b5f05738 to remote] DEBUG org.asynchttpclient.netty.request.NettyRequestSender - Using open Channel [id: 0x631b3838, L:/192.168.1.60:61639 - R:hub-cloud.browserstack.com/207.254.8.4:443] for POST '/wd/hub/session/5bdc3f4a8e5cefb88ac2450c975a42a0b5f05738/element'
03:46:05.535 [AsyncHttpClient-1-2] DEBUG org.asynchttpclient.netty.handler.HttpHandler - 

Request DefaultHttpRequest(decodeResult: success, version: HTTP/1.1)
POST /wd/hub/session/5bdc3f4a8e5cefb88ac2450c975a42a0b5f05738/element HTTP/1.1
User-Agent: selenium/4.1.3 (java mac)
traceparent: 00-e449fa003ece5fd897f99cc264fee33c-e5628c43812628c1-01
Content-Length: 81
Content-Type: application/json; charset=utf-8
host: hub-cloud.browserstack.com
authorization: Basic Y2VzYXJyaW9zXzZ3TzRadDpldmdXZEdUMkw3cnBQempDNlh6Zw==
accept: */*

Response DefaultHttpResponse(decodeResult: success, version: HTTP/1.1)
HTTP/1.1 200 OK
Server: nginx
Date: Fri, 05 May 2023 08:46:05 GMT
Content-Type: application/json;charset=utf-8
Connection: keep-alive
Source-From: 02
expires: Thu, 01 Jan 1970 00:00:00 GMT
cache-control: no-cache, no-cache
temp-header: 10523-1809782605-15-1683276365.412-rproxy-core-001-dcp-use3a-prod.browserstack.com
content-length: 88

03:46:05.536 [AsyncHttpClient-1-2] DEBUG org.asynchttpclient.netty.channel.ChannelManager - Adding key: https://hub-cloud.browserstack.com:443 for channel [id: 0x631b3838, L:/192.168.1.60:61639 - R:hub-cloud.browserstack.com/207.254.8.4:443]
03:46:05.540 [Forwarding setTimeout on session 5bdc3f4a8e5cefb88ac2450c975a42a0b5f05738 to remote] DEBUG org.asynchttpclient.netty.request.NettyRequestSender - Using pooled Channel '[id: 0x631b3838, L:/192.168.1.60:61639 - R:hub-cloud.browserstack.com/207.254.8.4:443]' for 'POST' to 'https://cesarrios_6wO4Zt:evgWdGT2L7rpPzjC6Xzg@hub-cloud.browserstack.com/wd/hub/session/5bdc3f4a8e5cefb88ac2450c975a42a0b5f05738/timeouts'
03:46:05.540 [Forwarding setTimeout on session 5bdc3f4a8e5cefb88ac2450c975a42a0b5f05738 to remote] DEBUG org.asynchttpclient.netty.request.NettyRequestSender - Using open Channel [id: 0x631b3838, L:/192.168.1.60:61639 - R:hub-cloud.browserstack.com/207.254.8.4:443] for POST '/wd/hub/session/5bdc3f4a8e5cefb88ac2450c975a42a0b5f05738/timeouts'
03:46:05.718 [AsyncHttpClient-1-2] DEBUG org.asynchttpclient.netty.handler.HttpHandler - 

Request DefaultHttpRequest(decodeResult: success, version: HTTP/1.1)
POST /wd/hub/session/5bdc3f4a8e5cefb88ac2450c975a42a0b5f05738/timeouts HTTP/1.1
User-Agent: selenium/4.1.3 (java mac)
traceparent: 00-96f0e41d81cc01ec8cdc31cb48cd3d56-ce9481e326789379-01
Content-Length: 23
Content-Type: application/json; charset=utf-8
host: hub-cloud.browserstack.com
authorization: Basic Y2VzYXJyaW9zXzZ3TzRadDpldmdXZEdUMkw3cnBQempDNlh6Zw==
accept: */*

Response DefaultHttpResponse(decodeResult: success, version: HTTP/1.1)
HTTP/1.1 200 OK
Server: nginx
Date: Fri, 05 May 2023 08:46:05 GMT
Content-Type: application/json;charset=utf-8
Connection: keep-alive
Source-From: 02
expires: Thu, 01 Jan 1970 00:00:00 GMT
cache-control: no-cache, no-cache
temp-header: 10512-1809743929-99-1683276365.716-rproxy-core-001-dcp-use3a-prod.browserstack.com
content-length: 14

03:46:05.719 [AsyncHttpClient-1-2] DEBUG org.asynchttpclient.netty.channel.ChannelManager - Adding key: https://hub-cloud.browserstack.com:443 for channel [id: 0x631b3838, L:/192.168.1.60:61639 - R:hub-cloud.browserstack.com/207.254.8.4:443]
03:46:05.726 [Forwarding isElementDisplayed on session 5bdc3f4a8e5cefb88ac2450c975a42a0b5f05738 to remote] DEBUG org.asynchttpclient.netty.request.NettyRequestSender - Using pooled Channel '[id: 0x631b3838, L:/192.168.1.60:61639 - R:hub-cloud.browserstack.com/207.254.8.4:443]' for 'POST' to 'https://cesarrios_6wO4Zt:evgWdGT2L7rpPzjC6Xzg@hub-cloud.browserstack.com/wd/hub/session/5bdc3f4a8e5cefb88ac2450c975a42a0b5f05738/execute/sync'
03:46:05.726 [Forwarding isElementDisplayed on session 5bdc3f4a8e5cefb88ac2450c975a42a0b5f05738 to remote] DEBUG org.asynchttpclient.netty.request.NettyRequestSender - Using open Channel [id: 0x631b3838, L:/192.168.1.60:61639 - R:hub-cloud.browserstack.com/207.254.8.4:443] for POST '/wd/hub/session/5bdc3f4a8e5cefb88ac2450c975a42a0b5f05738/execute/sync'
03:46:05.944 [AsyncHttpClient-1-2] DEBUG org.asynchttpclient.netty.handler.HttpHandler - 

Request DefaultHttpRequest(decodeResult: success, version: HTTP/1.1)
POST /wd/hub/session/5bdc3f4a8e5cefb88ac2450c975a42a0b5f05738/execute/sync HTTP/1.1
User-Agent: selenium/4.1.3 (java mac)
traceparent: 00-41d4e8f9ec2e8e4578460b15d1a5d7a6-52a8650ee2d94727-01
Content-Length: 48780
Content-Type: application/json; charset=utf-8
host: hub-cloud.browserstack.com
authorization: Basic Y2VzYXJyaW9zXzZ3TzRadDpldmdXZEdUMkw3cnBQempDNlh6Zw==
accept: */*

Response DefaultHttpResponse(decodeResult: success, version: HTTP/1.1)
HTTP/1.1 200 OK
Server: nginx
Date: Fri, 05 May 2023 08:46:05 GMT
Content-Type: application/json;charset=utf-8
Connection: keep-alive
Source-From: 02
expires: Thu, 01 Jan 1970 00:00:00 GMT
cache-control: no-cache, no-cache
temp-header: 8786-1191284471-96-1683276365.936-rproxy-core-002-dcp-use3a-prod.browserstack.com
content-length: 14

03:46:05.944 [AsyncHttpClient-1-2] DEBUG org.asynchttpclient.netty.channel.ChannelManager - Adding key: https://hub-cloud.browserstack.com:443 for channel [id: 0x631b3838, L:/192.168.1.60:61639 - R:hub-cloud.browserstack.com/207.254.8.4:443]
03:46:05.951 [Forwarding setTimeout on session 5bdc3f4a8e5cefb88ac2450c975a42a0b5f05738 to remote] DEBUG org.asynchttpclient.netty.request.NettyRequestSender - Using pooled Channel '[id: 0x631b3838, L:/192.168.1.60:61639 - R:hub-cloud.browserstack.com/207.254.8.4:443]' for 'POST' to 'https://cesarrios_6wO4Zt:evgWdGT2L7rpPzjC6Xzg@hub-cloud.browserstack.com/wd/hub/session/5bdc3f4a8e5cefb88ac2450c975a42a0b5f05738/timeouts'
03:46:05.951 [Forwarding setTimeout on session 5bdc3f4a8e5cefb88ac2450c975a42a0b5f05738 to remote] DEBUG org.asynchttpclient.netty.request.NettyRequestSender - Using open Channel [id: 0x631b3838, L:/192.168.1.60:61639 - R:hub-cloud.browserstack.com/207.254.8.4:443] for POST '/wd/hub/session/5bdc3f4a8e5cefb88ac2450c975a42a0b5f05738/timeouts'
03:46:06.158 [AsyncHttpClient-1-2] DEBUG org.asynchttpclient.netty.handler.HttpHandler - 

Request DefaultHttpRequest(decodeResult: success, version: HTTP/1.1)
POST /wd/hub/session/5bdc3f4a8e5cefb88ac2450c975a42a0b5f05738/timeouts HTTP/1.1
User-Agent: selenium/4.1.3 (java mac)
traceparent: 00-ec5572d412023c1e2ae585f82997e2b5-3b0afa0a01b32395-01
Content-Length: 23
Content-Type: application/json; charset=utf-8
host: hub-cloud.browserstack.com
authorization: Basic Y2VzYXJyaW9zXzZ3TzRadDpldmdXZEdUMkw3cnBQempDNlh6Zw==
accept: */*

Response DefaultHttpResponse(decodeResult: success, version: HTTP/1.1)
HTTP/1.1 200 OK
Server: nginx
Date: Fri, 05 May 2023 08:46:06 GMT
Content-Type: application/json;charset=utf-8
Connection: keep-alive
Source-From: 02
expires: Thu, 01 Jan 1970 00:00:00 GMT
cache-control: no-cache, no-cache
temp-header: 8787-1191319666-33-1683276366.121-rproxy-core-002-dcp-use3a-prod.browserstack.com
content-length: 14

03:46:06.158 [AsyncHttpClient-1-2] DEBUG org.asynchttpclient.netty.channel.ChannelManager - Adding key: https://hub-cloud.browserstack.com:443 for channel [id: 0x631b3838, L:/192.168.1.60:61639 - R:hub-cloud.browserstack.com/207.254.8.4:443]
03:46:06.160 [Forwarding findElement on session 5bdc3f4a8e5cefb88ac2450c975a42a0b5f05738 to remote] DEBUG org.asynchttpclient.netty.request.NettyRequestSender - Using pooled Channel '[id: 0x631b3838, L:/192.168.1.60:61639 - R:hub-cloud.browserstack.com/207.254.8.4:443]' for 'POST' to 'https://cesarrios_6wO4Zt:evgWdGT2L7rpPzjC6Xzg@hub-cloud.browserstack.com/wd/hub/session/5bdc3f4a8e5cefb88ac2450c975a42a0b5f05738/element'
03:46:06.160 [Forwarding findElement on session 5bdc3f4a8e5cefb88ac2450c975a42a0b5f05738 to remote] DEBUG org.asynchttpclient.netty.request.NettyRequestSender - Using open Channel [id: 0x631b3838, L:/192.168.1.60:61639 - R:hub-cloud.browserstack.com/207.254.8.4:443] for POST '/wd/hub/session/5bdc3f4a8e5cefb88ac2450c975a42a0b5f05738/element'
03:46:06.326 [AsyncHttpClient-1-2] DEBUG org.asynchttpclient.netty.handler.HttpHandler - 

Request DefaultHttpRequest(decodeResult: success, version: HTTP/1.1)
POST /wd/hub/session/5bdc3f4a8e5cefb88ac2450c975a42a0b5f05738/element HTTP/1.1
User-Agent: selenium/4.1.3 (java mac)
traceparent: 00-1218dda94ee0d18a2fe9615789e0f2ec-42154dee1aa2e16a-01
Content-Length: 81
Content-Type: application/json; charset=utf-8
host: hub-cloud.browserstack.com
authorization: Basic Y2VzYXJyaW9zXzZ3TzRadDpldmdXZEdUMkw3cnBQempDNlh6Zw==
accept: */*

Response DefaultHttpResponse(decodeResult: success, version: HTTP/1.1)
HTTP/1.1 200 OK
Server: nginx
Date: Fri, 05 May 2023 08:46:06 GMT
Content-Type: application/json;charset=utf-8
Connection: keep-alive
Source-From: 02
expires: Thu, 01 Jan 1970 00:00:00 GMT
cache-control: no-cache, no-cache
temp-header: 8787-1191327746-11-1683276366.311-rproxy-core-002-dcp-use3a-prod.browserstack.com
content-length: 88

03:46:06.326 [AsyncHttpClient-1-2] DEBUG org.asynchttpclient.netty.channel.ChannelManager - Adding key: https://hub-cloud.browserstack.com:443 for channel [id: 0x631b3838, L:/192.168.1.60:61639 - R:hub-cloud.browserstack.com/207.254.8.4:443]
03:46:06.328 [Forwarding setTimeout on session 5bdc3f4a8e5cefb88ac2450c975a42a0b5f05738 to remote] DEBUG org.asynchttpclient.netty.request.NettyRequestSender - Using pooled Channel '[id: 0x631b3838, L:/192.168.1.60:61639 - R:hub-cloud.browserstack.com/207.254.8.4:443]' for 'POST' to 'https://cesarrios_6wO4Zt:evgWdGT2L7rpPzjC6Xzg@hub-cloud.browserstack.com/wd/hub/session/5bdc3f4a8e5cefb88ac2450c975a42a0b5f05738/timeouts'
03:46:06.329 [Forwarding setTimeout on session 5bdc3f4a8e5cefb88ac2450c975a42a0b5f05738 to remote] DEBUG org.asynchttpclient.netty.request.NettyRequestSender - Using open Channel [id: 0x631b3838, L:/192.168.1.60:61639 - R:hub-cloud.browserstack.com/207.254.8.4:443] for POST '/wd/hub/session/5bdc3f4a8e5cefb88ac2450c975a42a0b5f05738/timeouts'
03:46:06.485 [AsyncHttpClient-1-2] DEBUG org.asynchttpclient.netty.handler.HttpHandler - 

Request DefaultHttpRequest(decodeResult: success, version: HTTP/1.1)
POST /wd/hub/session/5bdc3f4a8e5cefb88ac2450c975a42a0b5f05738/timeouts HTTP/1.1
User-Agent: selenium/4.1.3 (java mac)
traceparent: 00-4003c2b35abe5cd0db419f0499f6d1b5-1ecad2231cfcf779-01
Content-Length: 23
Content-Type: application/json; charset=utf-8
host: hub-cloud.browserstack.com
authorization: Basic Y2VzYXJyaW9zXzZ3TzRadDpldmdXZEdUMkw3cnBQempDNlh6Zw==
accept: */*

Response DefaultHttpResponse(decodeResult: success, version: HTTP/1.1)
HTTP/1.1 200 OK
Server: nginx
Date: Fri, 05 May 2023 08:46:06 GMT
Content-Type: application/json;charset=utf-8
Connection: keep-alive
Source-From: 02
expires: Thu, 01 Jan 1970 00:00:00 GMT
cache-control: no-cache, no-cache
temp-header: 8787-1191307899-55-1683276366.485-rproxy-core-002-dcp-use3a-prod.browserstack.com
content-length: 14

03:46:06.486 [AsyncHttpClient-1-2] DEBUG org.asynchttpclient.netty.channel.ChannelManager - Adding key: https://hub-cloud.browserstack.com:443 for channel [id: 0x631b3838, L:/192.168.1.60:61639 - R:hub-cloud.browserstack.com/207.254.8.4:443]
03:46:06.493 [Forwarding isElementDisplayed on session 5bdc3f4a8e5cefb88ac2450c975a42a0b5f05738 to remote] DEBUG org.asynchttpclient.netty.request.NettyRequestSender - Using pooled Channel '[id: 0x631b3838, L:/192.168.1.60:61639 - R:hub-cloud.browserstack.com/207.254.8.4:443]' for 'POST' to 'https://cesarrios_6wO4Zt:evgWdGT2L7rpPzjC6Xzg@hub-cloud.browserstack.com/wd/hub/session/5bdc3f4a8e5cefb88ac2450c975a42a0b5f05738/execute/sync'
03:46:06.494 [Forwarding isElementDisplayed on session 5bdc3f4a8e5cefb88ac2450c975a42a0b5f05738 to remote] DEBUG org.asynchttpclient.netty.request.NettyRequestSender - Using open Channel [id: 0x631b3838, L:/192.168.1.60:61639 - R:hub-cloud.browserstack.com/207.254.8.4:443] for POST '/wd/hub/session/5bdc3f4a8e5cefb88ac2450c975a42a0b5f05738/execute/sync'
03:46:06.714 [AsyncHttpClient-1-2] DEBUG org.asynchttpclient.netty.handler.HttpHandler - 

Request DefaultHttpRequest(decodeResult: success, version: HTTP/1.1)
POST /wd/hub/session/5bdc3f4a8e5cefb88ac2450c975a42a0b5f05738/execute/sync HTTP/1.1
User-Agent: selenium/4.1.3 (java mac)
traceparent: 00-440539379daeddeb1f34c62b64f70875-2df9663f75f38586-01
Content-Length: 48780
Content-Type: application/json; charset=utf-8
host: hub-cloud.browserstack.com
authorization: Basic Y2VzYXJyaW9zXzZ3TzRadDpldmdXZEdUMkw3cnBQempDNlh6Zw==
accept: */*

Response DefaultHttpResponse(decodeResult: success, version: HTTP/1.1)
HTTP/1.1 200 OK
Server: nginx
Date: Fri, 05 May 2023 08:46:06 GMT
Content-Type: application/json;charset=utf-8
Connection: keep-alive
Source-From: 02
expires: Thu, 01 Jan 1970 00:00:00 GMT
cache-control: no-cache, no-cache
temp-header: 10516-1809783768-5-1683276366.712-rproxy-core-001-dcp-use3a-prod.browserstack.com
content-length: 14

03:46:06.715 [AsyncHttpClient-1-2] DEBUG org.asynchttpclient.netty.channel.ChannelManager - Adding key: https://hub-cloud.browserstack.com:443 for channel [id: 0x631b3838, L:/192.168.1.60:61639 - R:hub-cloud.browserstack.com/207.254.8.4:443]
03:46:06.722 [Forwarding isElementDisplayed on session 5bdc3f4a8e5cefb88ac2450c975a42a0b5f05738 to remote] DEBUG org.asynchttpclient.netty.request.NettyRequestSender - Using pooled Channel '[id: 0x631b3838, L:/192.168.1.60:61639 - R:hub-cloud.browserstack.com/207.254.8.4:443]' for 'POST' to 'https://cesarrios_6wO4Zt:evgWdGT2L7rpPzjC6Xzg@hub-cloud.browserstack.com/wd/hub/session/5bdc3f4a8e5cefb88ac2450c975a42a0b5f05738/execute/sync'
03:46:06.723 [Forwarding isElementDisplayed on session 5bdc3f4a8e5cefb88ac2450c975a42a0b5f05738 to remote] DEBUG org.asynchttpclient.netty.request.NettyRequestSender - Using open Channel [id: 0x631b3838, L:/192.168.1.60:61639 - R:hub-cloud.browserstack.com/207.254.8.4:443] for POST '/wd/hub/session/5bdc3f4a8e5cefb88ac2450c975a42a0b5f05738/execute/sync'
03:46:06.941 [AsyncHttpClient-1-2] DEBUG org.asynchttpclient.netty.handler.HttpHandler - 

Request DefaultHttpRequest(decodeResult: success, version: HTTP/1.1)
POST /wd/hub/session/5bdc3f4a8e5cefb88ac2450c975a42a0b5f05738/execute/sync HTTP/1.1
User-Agent: selenium/4.1.3 (java mac)
traceparent: 00-1cfdcd0623e7c4dce51bd25923d4f9ac-c3f303be8c8f6072-01
Content-Length: 48780
Content-Type: application/json; charset=utf-8
host: hub-cloud.browserstack.com
authorization: Basic Y2VzYXJyaW9zXzZ3TzRadDpldmdXZEdUMkw3cnBQempDNlh6Zw==
accept: */*

Response DefaultHttpResponse(decodeResult: success, version: HTTP/1.1)
HTTP/1.1 200 OK
Server: nginx
Date: Fri, 05 May 2023 08:46:06 GMT
Content-Type: application/json;charset=utf-8
Connection: keep-alive
Source-From: 02
expires: Thu, 01 Jan 1970 00:00:00 GMT
cache-control: no-cache, no-cache
temp-header: 10523-1809783355-10-1683276366.927-rproxy-core-001-dcp-use3a-prod.browserstack.com
content-length: 14

03:46:06.941 [AsyncHttpClient-1-2] DEBUG org.asynchttpclient.netty.channel.ChannelManager - Adding key: https://hub-cloud.browserstack.com:443 for channel [id: 0x631b3838, L:/192.168.1.60:61639 - R:hub-cloud.browserstack.com/207.254.8.4:443]
03:46:06.948 [Forwarding setTimeout on session 5bdc3f4a8e5cefb88ac2450c975a42a0b5f05738 to remote] DEBUG org.asynchttpclient.netty.request.NettyRequestSender - Using pooled Channel '[id: 0x631b3838, L:/192.168.1.60:61639 - R:hub-cloud.browserstack.com/207.254.8.4:443]' for 'POST' to 'https://cesarrios_6wO4Zt:evgWdGT2L7rpPzjC6Xzg@hub-cloud.browserstack.com/wd/hub/session/5bdc3f4a8e5cefb88ac2450c975a42a0b5f05738/timeouts'
03:46:06.948 [Forwarding setTimeout on session 5bdc3f4a8e5cefb88ac2450c975a42a0b5f05738 to remote] DEBUG org.asynchttpclient.netty.request.NettyRequestSender - Using open Channel [id: 0x631b3838, L:/192.168.1.60:61639 - R:hub-cloud.browserstack.com/207.254.8.4:443] for POST '/wd/hub/session/5bdc3f4a8e5cefb88ac2450c975a42a0b5f05738/timeouts'
03:46:07.103 [AsyncHttpClient-1-2] DEBUG org.asynchttpclient.netty.handler.HttpHandler - 

Request DefaultHttpRequest(decodeResult: success, version: HTTP/1.1)
POST /wd/hub/session/5bdc3f4a8e5cefb88ac2450c975a42a0b5f05738/timeouts HTTP/1.1
User-Agent: selenium/4.1.3 (java mac)
traceparent: 00-c56ebb82f63ec8eaf54cc1ca38343dfb-440f6765958af868-01
Content-Length: 23
Content-Type: application/json; charset=utf-8
host: hub-cloud.browserstack.com
authorization: Basic Y2VzYXJyaW9zXzZ3TzRadDpldmdXZEdUMkw3cnBQempDNlh6Zw==
accept: */*

Response DefaultHttpResponse(decodeResult: success, version: HTTP/1.1)
HTTP/1.1 200 OK
Server: nginx
Date: Fri, 05 May 2023 08:46:07 GMT
Content-Type: application/json;charset=utf-8
Connection: keep-alive
Source-From: 02
expires: Thu, 01 Jan 1970 00:00:00 GMT
cache-control: no-cache, no-cache
temp-header: 10517-1809778857-27-1683276367.103-rproxy-core-001-dcp-use3a-prod.browserstack.com
content-length: 14

03:46:07.104 [AsyncHttpClient-1-2] DEBUG org.asynchttpclient.netty.channel.ChannelManager - Adding key: https://hub-cloud.browserstack.com:443 for channel [id: 0x631b3838, L:/192.168.1.60:61639 - R:hub-cloud.browserstack.com/207.254.8.4:443]
03:46:07.109 [Forwarding findElement on session 5bdc3f4a8e5cefb88ac2450c975a42a0b5f05738 to remote] DEBUG org.asynchttpclient.netty.request.NettyRequestSender - Using pooled Channel '[id: 0x631b3838, L:/192.168.1.60:61639 - R:hub-cloud.browserstack.com/207.254.8.4:443]' for 'POST' to 'https://cesarrios_6wO4Zt:evgWdGT2L7rpPzjC6Xzg@hub-cloud.browserstack.com/wd/hub/session/5bdc3f4a8e5cefb88ac2450c975a42a0b5f05738/element'
03:46:07.109 [Forwarding findElement on session 5bdc3f4a8e5cefb88ac2450c975a42a0b5f05738 to remote] DEBUG org.asynchttpclient.netty.request.NettyRequestSender - Using open Channel [id: 0x631b3838, L:/192.168.1.60:61639 - R:hub-cloud.browserstack.com/207.254.8.4:443] for POST '/wd/hub/session/5bdc3f4a8e5cefb88ac2450c975a42a0b5f05738/element'
[...]
03:46:24.584 [main] DEBUG org.apache.http.impl.conn.PoolingHttpClientConnectionManager - Connection request: [route: {s}->https://api.browserstack.com:443][total available: 0; route allocated: 0 of 2; total allocated: 0 of 20]
03:46:24.589 [main] DEBUG org.apache.http.impl.conn.PoolingHttpClientConnectionManager - Connection leased: [id: 0][route: {s}->https://api.browserstack.com:443][total available: 0; route allocated: 1 of 2; total allocated: 1 of 20]
03:46:24.589 [main] DEBUG org.apache.http.impl.execchain.MainClientExec - Opening connection {s}->https://api.browserstack.com:443
03:46:24.685 [main] DEBUG org.apache.http.impl.conn.DefaultHttpClientConnectionOperator - Connecting to api.browserstack.com/3.210.113.90:443
03:46:24.686 [main] DEBUG org.apache.http.conn.ssl.SSLConnectionSocketFactory - Connecting socket to api.browserstack.com/3.210.113.90:443 with timeout 0
03:46:24.777 [main] DEBUG org.apache.http.conn.ssl.SSLConnectionSocketFactory - Enabled protocols: [TLSv1.3, TLSv1.2]
03:46:24.778 [main] DEBUG org.apache.http.conn.ssl.SSLConnectionSocketFactory - Enabled cipher suites:[TLS_AES_256_GCM_SHA384, TLS_AES_128_GCM_SHA256, TLS_CHACHA20_POLY1305_SHA256, TLS_ECDHE_ECDSA_WITH_AES_256_GCM_SHA384, TLS_ECDHE_ECDSA_WITH_AES_128_GCM_SHA256, TLS_ECDHE_ECDSA_WITH_CHACHA20_POLY1305_SHA256, TLS_ECDHE_RSA_WITH_AES_256_GCM_SHA384, TLS_ECDHE_RSA_WITH_CHACHA20_POLY1305_SHA256, TLS_ECDHE_RSA_WITH_AES_128_GCM_SHA256, TLS_DHE_RSA_WITH_AES_256_GCM_SHA384, TLS_DHE_RSA_WITH_CHACHA20_POLY1305_SHA256, TLS_DHE_DSS_WITH_AES_256_GCM_SHA384, TLS_DHE_RSA_WITH_AES_128_GCM_SHA256, TLS_DHE_DSS_WITH_AES_128_GCM_SHA256, TLS_ECDHE_ECDSA_WITH_AES_256_CBC_SHA384, TLS_ECDHE_RSA_WITH_AES_256_CBC_SHA384, TLS_ECDHE_ECDSA_WITH_AES_128_CBC_SHA256, TLS_ECDHE_RSA_WITH_AES_128_CBC_SHA256, TLS_DHE_RSA_WITH_AES_256_CBC_SHA256, TLS_DHE_DSS_WITH_AES_256_CBC_SHA256, TLS_DHE_RSA_WITH_AES_128_CBC_SHA256, TLS_DHE_DSS_WITH_AES_128_CBC_SHA256, TLS_ECDH_ECDSA_WITH_AES_256_GCM_SHA384, TLS_ECDH_RSA_WITH_AES_256_GCM_SHA384, TLS_ECDH_ECDSA_WITH_AES_128_GCM_SHA256, TLS_ECDH_RSA_WITH_AES_128_GCM_SHA256, TLS_ECDH_ECDSA_WITH_AES_256_CBC_SHA384, TLS_ECDH_RSA_WITH_AES_256_CBC_SHA384, TLS_ECDH_ECDSA_WITH_AES_128_CBC_SHA256, TLS_ECDH_RSA_WITH_AES_128_CBC_SHA256, TLS_ECDHE_ECDSA_WITH_AES_256_CBC_SHA, TLS_ECDHE_RSA_WITH_AES_256_CBC_SHA, TLS_ECDHE_ECDSA_WITH_AES_128_CBC_SHA, TLS_ECDHE_RSA_WITH_AES_128_CBC_SHA, TLS_DHE_RSA_WITH_AES_256_CBC_SHA, TLS_DHE_DSS_WITH_AES_256_CBC_SHA, TLS_DHE_RSA_WITH_AES_128_CBC_SHA, TLS_DHE_DSS_WITH_AES_128_CBC_SHA, TLS_ECDH_ECDSA_WITH_AES_256_CBC_SHA, TLS_ECDH_RSA_WITH_AES_256_CBC_SHA, TLS_ECDH_ECDSA_WITH_AES_128_CBC_SHA, TLS_ECDH_RSA_WITH_AES_128_CBC_SHA, TLS_RSA_WITH_AES_256_GCM_SHA384, TLS_RSA_WITH_AES_128_GCM_SHA256, TLS_RSA_WITH_AES_256_CBC_SHA256, TLS_RSA_WITH_AES_128_CBC_SHA256, TLS_RSA_WITH_AES_256_CBC_SHA, TLS_RSA_WITH_AES_128_CBC_SHA, TLS_EMPTY_RENEGOTIATION_INFO_SCSV]
03:46:24.778 [main] DEBUG org.apache.http.conn.ssl.SSLConnectionSocketFactory - Starting handshake
03:46:24.941 [AsyncHttpClient-1-1] DEBUG org.asynchttpclient.netty.channel.DefaultChannelPool - Entry count for : https://hub-cloud.browserstack.com:443 : 1
03:46:25.047 [main] DEBUG org.apache.http.conn.ssl.SSLConnectionSocketFactory - Secure session established
03:46:25.047 [main] DEBUG org.apache.http.conn.ssl.SSLConnectionSocketFactory -  negotiated protocol: TLSv1.2
03:46:25.047 [main] DEBUG org.apache.http.conn.ssl.SSLConnectionSocketFactory -  negotiated cipher suite: TLS_ECDHE_RSA_WITH_AES_128_GCM_SHA256
03:46:25.047 [main] DEBUG org.apache.http.conn.ssl.SSLConnectionSocketFactory -  peer principal: CN=*.browserstack.com
03:46:25.047 [main] DEBUG org.apache.http.conn.ssl.SSLConnectionSocketFactory -  peer alternative names: [*.browserstack.com, browserstack.com]
03:46:25.048 [main] DEBUG org.apache.http.conn.ssl.SSLConnectionSocketFactory -  issuer principal: CN=Amazon RSA 2048 M01, O=Amazon, C=US
03:46:25.050 [main] DEBUG org.apache.http.impl.conn.DefaultHttpClientConnectionOperator - Connection established 192.168.1.60:61814<->3.210.113.90:443
03:46:25.051 [main] DEBUG org.apache.http.impl.execchain.MainClientExec - Executing request PUT /automate/sessions/5bdc3f4a8e5cefb88ac2450c975a42a0b5f05738.json HTTP/1.1
03:46:25.051 [main] DEBUG org.apache.http.impl.execchain.MainClientExec - Target auth state: UNCHALLENGED
03:46:25.051 [main] DEBUG org.apache.http.impl.execchain.MainClientExec - Proxy auth state: UNCHALLENGED
03:46:25.052 [main] DEBUG org.apache.http.headers - http-outgoing-0 >> PUT /automate/sessions/5bdc3f4a8e5cefb88ac2450c975a42a0b5f05738.json HTTP/1.1
03:46:25.052 [main] DEBUG org.apache.http.headers - http-outgoing-0 >> Content-Length: 402
03:46:25.052 [main] DEBUG org.apache.http.headers - http-outgoing-0 >> Content-Type: application/x-www-form-urlencoded
03:46:25.052 [main] DEBUG org.apache.http.headers - http-outgoing-0 >> Host: api.browserstack.com
03:46:25.052 [main] DEBUG org.apache.http.headers - http-outgoing-0 >> Connection: Keep-Alive
03:46:25.052 [main] DEBUG org.apache.http.headers - http-outgoing-0 >> User-Agent: Apache-HttpClient/4.5.13 (Java/18.0.2.1)
03:46:25.052 [main] DEBUG org.apache.http.headers - http-outgoing-0 >> Accept-Encoding: gzip,deflate
03:46:25.052 [main] DEBUG org.apache.http.wire - http-outgoing-0 >> "PUT /automate/sessions/5bdc3f4a8e5cefb88ac2450c975a42a0b5f05738.json HTTP/1.1[\r][\n]"
03:46:25.052 [main] DEBUG org.apache.http.wire - http-outgoing-0 >> "Content-Length: 402[\r][\n]"
03:46:25.052 [main] DEBUG org.apache.http.wire - http-outgoing-0 >> "Content-Type: application/x-www-form-urlencoded[\r][\n]"
03:46:25.052 [main] DEBUG org.apache.http.wire - http-outgoing-0 >> "Host: api.browserstack.com[\r][\n]"
03:46:25.052 [main] DEBUG org.apache.http.wire - http-outgoing-0 >> "Connection: Keep-Alive[\r][\n]"
03:46:25.052 [main] DEBUG org.apache.http.wire - http-outgoing-0 >> "User-Agent: Apache-HttpClient/4.5.13 (Java/18.0.2.1)[\r][\n]"
03:46:25.052 [main] DEBUG org.apache.http.wire - http-outgoing-0 >> "Accept-Encoding: gzip,deflate[\r][\n]"
03:46:25.052 [main] DEBUG org.apache.http.wire - http-outgoing-0 >> "[\r][\n]"
03:46:25.052 [main] DEBUG org.apache.http.wire - http-outgoing-0 >> "status=failed&reason=io.cucumber.core.exception.CucumberException%3A+Step+%5Bcompletes+the+purchase+process+successfully%5D+is+defined+with+3+parameters+at+%27StepsDefinitions.PurchaseDefinitions.PurchaseDefinitions.completePurchase%28java.lang.String%2Cjava.lang.String%2Cjava.lang.String%29%27.%0AHowever%2C+the+gherkin+step+has+0+arguments.%0AStep+text%3A+completes+the+purchase+process+successfully"
03:46:25.153 [main] DEBUG org.apache.http.wire - http-outgoing-0 << "HTTP/1.1 401 Unauthorized[\r][\n]"
03:46:25.153 [main] DEBUG org.apache.http.wire - http-outgoing-0 << "Cache-Control: no-cache[\r][\n]"
03:46:25.153 [main] DEBUG org.apache.http.wire - http-outgoing-0 << "Content-Type: text/html; charset=utf-8[\r][\n]"
03:46:25.153 [main] DEBUG org.apache.http.wire - http-outgoing-0 << "Date: Fri, 05 May 2023 08:46:25 GMT[\r][\n]"
03:46:25.153 [main] DEBUG org.apache.http.wire - http-outgoing-0 << "Server: nginx + Phusion Passenger[\r][\n]"
03:46:25.153 [main] DEBUG org.apache.http.wire - http-outgoing-0 << "Status: 401 Unauthorized[\r][\n]"
03:46:25.153 [main] DEBUG org.apache.http.wire - http-outgoing-0 << "Vary: Origin[\r][\n]"
03:46:25.153 [main] DEBUG org.apache.http.wire - http-outgoing-0 << "WWW-Authenticate: Basic realm="Application"[\r][\n]"
03:46:25.153 [main] DEBUG org.apache.http.wire - http-outgoing-0 << "X-Powered-By: Phusion Passenger[\r][\n]"
03:46:25.153 [main] DEBUG org.apache.http.wire - http-outgoing-0 << "X-Request-Id: 1b4ebf06-0fa6-4565-8cf8-13f153392881[\r][\n]"
03:46:25.153 [main] DEBUG org.apache.http.wire - http-outgoing-0 << "X-Runtime: 0.006361[\r][\n]"
03:46:25.153 [main] DEBUG org.apache.http.wire - http-outgoing-0 << "X-UA-Compatible: IE=Edge,chrome=1[\r][\n]"
03:46:25.153 [main] DEBUG org.apache.http.wire - http-outgoing-0 << "transfer-encoding: chunked[\r][\n]"
03:46:25.154 [main] DEBUG org.apache.http.wire - http-outgoing-0 << "Connection: keep-alive[\r][\n]"
03:46:25.154 [main] DEBUG org.apache.http.wire - http-outgoing-0 << "[\r][\n]"
03:46:25.154 [main] DEBUG org.apache.http.wire - http-outgoing-0 << "1b[\r][\n]"
03:46:25.154 [main] DEBUG org.apache.http.wire - http-outgoing-0 << "HTTP Basic: Access denied.[\n]"
03:46:25.154 [main] DEBUG org.apache.http.wire - http-outgoing-0 << "[\r][\n]"
03:46:25.157 [main] DEBUG org.apache.http.headers - http-outgoing-0 << HTTP/1.1 401 Unauthorized
03:46:25.163 [main] DEBUG org.apache.http.headers - http-outgoing-0 << Cache-Control: no-cache
03:46:25.163 [main] DEBUG org.apache.http.headers - http-outgoing-0 << Content-Type: text/html; charset=utf-8
03:46:25.163 [main] DEBUG org.apache.http.headers - http-outgoing-0 << Date: Fri, 05 May 2023 08:46:25 GMT
03:46:25.163 [main] DEBUG org.apache.http.headers - http-outgoing-0 << Server: nginx + Phusion Passenger
03:46:25.163 [main] DEBUG org.apache.http.headers - http-outgoing-0 << Status: 401 Unauthorized
03:46:25.163 [main] DEBUG org.apache.http.headers - http-outgoing-0 << Vary: Origin
03:46:25.163 [main] DEBUG org.apache.http.headers - http-outgoing-0 << WWW-Authenticate: Basic realm="Application"
03:46:25.163 [main] DEBUG org.apache.http.headers - http-outgoing-0 << X-Powered-By: Phusion Passenger
03:46:25.163 [main] DEBUG org.apache.http.headers - http-outgoing-0 << X-Request-Id: 1b4ebf06-0fa6-4565-8cf8-13f153392881
03:46:25.163 [main] DEBUG org.apache.http.headers - http-outgoing-0 << X-Runtime: 0.006361
03:46:25.163 [main] DEBUG org.apache.http.headers - http-outgoing-0 << X-UA-Compatible: IE=Edge,chrome=1
03:46:25.163 [main] DEBUG org.apache.http.headers - http-outgoing-0 << transfer-encoding: chunked
03:46:25.163 [main] DEBUG org.apache.http.headers - http-outgoing-0 << Connection: keep-alive
03:46:25.172 [main] DEBUG org.apache.http.impl.execchain.MainClientExec - Connection can be kept alive indefinitely
03:46:25.172 [main] DEBUG org.apache.http.impl.auth.HttpAuthenticator - Authentication required
03:46:25.172 [main] DEBUG org.apache.http.impl.auth.HttpAuthenticator - api.browserstack.com:443 requested authentication
03:46:25.173 [main] DEBUG org.apache.http.impl.client.TargetAuthenticationStrategy - Authentication schemes in the order of preference: [Negotiate, Kerberos, NTLM, CredSSP, Digest, Basic]
03:46:25.173 [main] DEBUG org.apache.http.impl.client.TargetAuthenticationStrategy - Challenge for Negotiate authentication scheme not available
03:46:25.173 [main] DEBUG org.apache.http.impl.client.TargetAuthenticationStrategy - Challenge for Kerberos authentication scheme not available
03:46:25.173 [main] DEBUG org.apache.http.impl.client.TargetAuthenticationStrategy - Challenge for NTLM authentication scheme not available
03:46:25.173 [main] DEBUG org.apache.http.impl.client.TargetAuthenticationStrategy - Challenge for CredSSP authentication scheme not available
03:46:25.173 [main] DEBUG org.apache.http.impl.client.TargetAuthenticationStrategy - Challenge for Digest authentication scheme not available
03:46:25.176 [main] DEBUG org.apache.http.impl.auth.HttpAuthenticator - Selected authentication options: [BASIC [complete=true]]
03:46:25.177 [main] DEBUG org.apache.http.wire - http-outgoing-0 << "0[\r][\n]"
03:46:25.177 [main] DEBUG org.apache.http.wire - http-outgoing-0 << "[\r][\n]"
03:46:25.177 [main] DEBUG org.apache.http.impl.execchain.MainClientExec - Executing request PUT /automate/sessions/5bdc3f4a8e5cefb88ac2450c975a42a0b5f05738.json HTTP/1.1
03:46:25.177 [main] DEBUG org.apache.http.impl.execchain.MainClientExec - Target auth state: CHALLENGED
03:46:25.178 [main] DEBUG org.apache.http.impl.auth.HttpAuthenticator - Generating response to an authentication challenge using basic scheme
03:46:25.185 [main] DEBUG org.apache.http.impl.execchain.MainClientExec - Proxy auth state: UNCHALLENGED
03:46:25.185 [main] DEBUG org.apache.http.headers - http-outgoing-0 >> PUT /automate/sessions/5bdc3f4a8e5cefb88ac2450c975a42a0b5f05738.json HTTP/1.1
03:46:25.185 [main] DEBUG org.apache.http.headers - http-outgoing-0 >> Content-Length: 402
03:46:25.185 [main] DEBUG org.apache.http.headers - http-outgoing-0 >> Content-Type: application/x-www-form-urlencoded
03:46:25.185 [main] DEBUG org.apache.http.headers - http-outgoing-0 >> Host: api.browserstack.com
03:46:25.185 [main] DEBUG org.apache.http.headers - http-outgoing-0 >> Connection: Keep-Alive
03:46:25.185 [main] DEBUG org.apache.http.headers - http-outgoing-0 >> User-Agent: Apache-HttpClient/4.5.13 (Java/18.0.2.1)
03:46:25.185 [main] DEBUG org.apache.http.headers - http-outgoing-0 >> Accept-Encoding: gzip,deflate
03:46:25.185 [main] DEBUG org.apache.http.headers - http-outgoing-0 >> Authorization: Basic bnVsbDpudWxs
03:46:25.185 [main] DEBUG org.apache.http.wire - http-outgoing-0 >> "PUT /automate/sessions/5bdc3f4a8e5cefb88ac2450c975a42a0b5f05738.json HTTP/1.1[\r][\n]"
03:46:25.185 [main] DEBUG org.apache.http.wire - http-outgoing-0 >> "Content-Length: 402[\r][\n]"
03:46:25.185 [main] DEBUG org.apache.http.wire - http-outgoing-0 >> "Content-Type: application/x-www-form-urlencoded[\r][\n]"
03:46:25.185 [main] DEBUG org.apache.http.wire - http-outgoing-0 >> "Host: api.browserstack.com[\r][\n]"
03:46:25.185 [main] DEBUG org.apache.http.wire - http-outgoing-0 >> "Connection: Keep-Alive[\r][\n]"
03:46:25.185 [main] DEBUG org.apache.http.wire - http-outgoing-0 >> "User-Agent: Apache-HttpClient/4.5.13 (Java/18.0.2.1)[\r][\n]"
03:46:25.185 [main] DEBUG org.apache.http.wire - http-outgoing-0 >> "Accept-Encoding: gzip,deflate[\r][\n]"
03:46:25.185 [main] DEBUG org.apache.http.wire - http-outgoing-0 >> "Authorization: Basic bnVsbDpudWxs[\r][\n]"
03:46:25.185 [main] DEBUG org.apache.http.wire - http-outgoing-0 >> "[\r][\n]"
03:46:25.185 [main] DEBUG org.apache.http.wire - http-outgoing-0 >> "status=failed&reason=io.cucumber.core.exception.CucumberException%3A+Step+%5Bcompletes+the+purchase+process+successfully%5D+is+defined+with+3+parameters+at+%27StepsDefinitions.PurchaseDefinitions.PurchaseDefinitions.completePurchase%28java.lang.String%2Cjava.lang.String%2Cjava.lang.String%29%27.%0AHowever%2C+the+gherkin+step+has+0+arguments.%0AStep+text%3A+completes+the+purchase+process+successfully"
03:46:25.310 [main] DEBUG org.apache.http.wire - http-outgoing-0 << "HTTP/1.1 401 Unauthorized[\r][\n]"
03:46:25.310 [main] DEBUG org.apache.http.wire - http-outgoing-0 << "Cache-Control: no-cache[\r][\n]"
03:46:25.310 [main] DEBUG org.apache.http.wire - http-outgoing-0 << "Content-Type: text/html; charset=utf-8[\r][\n]"
03:46:25.310 [main] DEBUG org.apache.http.wire - http-outgoing-0 << "Date: Fri, 05 May 2023 08:46:25 GMT[\r][\n]"
03:46:25.311 [main] DEBUG org.apache.http.wire - http-outgoing-0 << "Server: nginx + Phusion Passenger[\r][\n]"
03:46:25.311 [main] DEBUG org.apache.http.wire - http-outgoing-0 << "Status: 401 Unauthorized[\r][\n]"
03:46:25.311 [main] DEBUG org.apache.http.wire - http-outgoing-0 << "Vary: Origin[\r][\n]"
03:46:25.311 [main] DEBUG org.apache.http.wire - http-outgoing-0 << "WWW-Authenticate: Basic realm="Application"[\r][\n]"
03:46:25.311 [main] DEBUG org.apache.http.wire - http-outgoing-0 << "X-Powered-By: Phusion Passenger[\r][\n]"
03:46:25.311 [main] DEBUG org.apache.http.wire - http-outgoing-0 << "X-Request-Id: 359e5185-382c-42b3-9012-7d72c86ec257[\r][\n]"
03:46:25.311 [main] DEBUG org.apache.http.wire - http-outgoing-0 << "X-Runtime: 0.029184[\r][\n]"
03:46:25.311 [main] DEBUG org.apache.http.wire - http-outgoing-0 << "X-UA-Compatible: IE=Edge,chrome=1[\r][\n]"
03:46:25.311 [main] DEBUG org.apache.http.wire - http-outgoing-0 << "transfer-encoding: chunked[\r][\n]"
03:46:25.311 [main] DEBUG org.apache.http.wire - http-outgoing-0 << "Connection: keep-alive[\r][\n]"
03:46:25.311 [main] DEBUG org.apache.http.wire - http-outgoing-0 << "[\r][\n]"
03:46:25.311 [main] DEBUG org.apache.http.headers - http-outgoing-0 << HTTP/1.1 401 Unauthorized
03:46:25.311 [main] DEBUG org.apache.http.headers - http-outgoing-0 << Cache-Control: no-cache
03:46:25.311 [main] DEBUG org.apache.http.headers - http-outgoing-0 << Content-Type: text/html; charset=utf-8
03:46:25.311 [main] DEBUG org.apache.http.headers - http-outgoing-0 << Date: Fri, 05 May 2023 08:46:25 GMT
03:46:25.311 [main] DEBUG org.apache.http.headers - http-outgoing-0 << Server: nginx + Phusion Passenger
03:46:25.311 [main] DEBUG org.apache.http.headers - http-outgoing-0 << Status: 401 Unauthorized
03:46:25.311 [main] DEBUG org.apache.http.headers - http-outgoing-0 << Vary: Origin
03:46:25.311 [main] DEBUG org.apache.http.headers - http-outgoing-0 << WWW-Authenticate: Basic realm="Application"
03:46:25.311 [main] DEBUG org.apache.http.headers - http-outgoing-0 << X-Powered-By: Phusion Passenger
03:46:25.311 [main] DEBUG org.apache.http.headers - http-outgoing-0 << X-Request-Id: 359e5185-382c-42b3-9012-7d72c86ec257
03:46:25.311 [main] DEBUG org.apache.http.headers - http-outgoing-0 << X-Runtime: 0.029184
03:46:25.311 [main] DEBUG org.apache.http.headers - http-outgoing-0 << X-UA-Compatible: IE=Edge,chrome=1
03:46:25.311 [main] DEBUG org.apache.http.headers - http-outgoing-0 << transfer-encoding: chunked
03:46:25.311 [main] DEBUG org.apache.http.headers - http-outgoing-0 << Connection: keep-alive
03:46:25.311 [main] DEBUG org.apache.http.impl.execchain.MainClientExec - Connection can be kept alive indefinitely
03:46:25.311 [main] DEBUG org.apache.http.impl.auth.HttpAuthenticator - Authentication required
03:46:25.311 [main] DEBUG org.apache.http.impl.auth.HttpAuthenticator - api.browserstack.com:443 requested authentication
03:46:25.311 [main] DEBUG org.apache.http.impl.auth.HttpAuthenticator - Authorization challenge processed
03:46:25.311 [main] DEBUG org.apache.http.impl.auth.HttpAuthenticator - Authentication failed
03:46:25.312 [Forwarding quit on session 5bdc3f4a8e5cefb88ac2450c975a42a0b5f05738 to remote] DEBUG org.asynchttpclient.netty.request.NettyRequestSender - Using pooled Channel '[id: 0x631b3838, L:/192.168.1.60:61639 - R:hub-cloud.browserstack.com/207.254.8.4:443]' for 'DELETE' to 'https://cesarrios_6wO4Zt:evgWdGT2L7rpPzjC6Xzg@hub-cloud.browserstack.com/wd/hub/session/5bdc3f4a8e5cefb88ac2450c975a42a0b5f05738'
03:46:25.312 [Forwarding quit on session 5bdc3f4a8e5cefb88ac2450c975a42a0b5f05738 to remote] DEBUG org.asynchttpclient.netty.request.NettyRequestSender - Using open Channel [id: 0x631b3838, L:/192.168.1.60:61639 - R:hub-cloud.browserstack.com/207.254.8.4:443] for DELETE '/wd/hub/session/5bdc3f4a8e5cefb88ac2450c975a42a0b5f05738'
03:46:26.091 [AsyncHttpClient-1-2] DEBUG org.asynchttpclient.netty.handler.HttpHandler - 

Request DefaultFullHttpRequest(decodeResult: success, version: HTTP/1.1, content: EmptyByteBufBE)
DELETE /wd/hub/session/5bdc3f4a8e5cefb88ac2450c975a42a0b5f05738 HTTP/1.1
User-Agent: selenium/4.1.3 (java mac)
traceparent: 00-ddc9fac45a5740c7d3286c87bb0665a2-9f31227b1e2b6305-01
Content-Type: application/json; charset=utf-8
host: hub-cloud.browserstack.com
authorization: Basic Y2VzYXJyaW9zXzZ3TzRadDpldmdXZEdUMkw3cnBQempDNlh6Zw==
accept: */*

Response DefaultHttpResponse(decodeResult: success, version: HTTP/1.1)
HTTP/1.1 200 OK
Server: nginx
Date: Fri, 05 May 2023 08:46:26 GMT
Content-Type: application/json; charset=utf-8
Transfer-Encoding: chunked
Connection: keep-alive
Source-From: 02
cache-control: no-cache

03:46:26.092 [AsyncHttpClient-1-2] DEBUG org.asynchttpclient.netty.channel.ChannelManager - Adding key: https://hub-cloud.browserstack.com:443 for channel [id: 0x631b3838, L:/192.168.1.60:61639 - R:hub-cloud.browserstack.com/207.254.8.4:443]
]]></system-out>
    <system-err><![CDATA[May 05, 2023 3:45:44 AM org.openqa.selenium.remote.tracing.opentelemetry.OpenTelemetryTracer createTracer
INFO: Using OpenTelemetry for tracing
May 05, 2023 3:45:58 AM org.openqa.selenium.remote.ProtocolHandshake createSession
INFO: Detected dialect: W3C
]]></system-err>
  </testcase>
</testsuite>