<?xml version="1.0" encoding="UTF-8" standalone="no"?><testsuite errors="1" failures="0" name="Purchase" skipped="0" tests="1" time="43.88" timestamp="2023-05-05 03:45:40"><testcase name="Purchase a product"><error message="Step [completes the purchase process successfully] is defined with 3 parameters at 'StepsDefinitions.PurchaseDefinitions.PurchaseDefinitions.completePurchase(java.lang.String,java.lang.String,java.lang.String)'.&#10;However, the gherkin step has 0 arguments.&#10;Step text: completes the purchase process successfully" type="io.cucumber.core.exception.CucumberException">Step [completes the purchase process successfully] is defined with 3 parameters at 'StepsDefinitions.PurchaseDefinitions.PurchaseDefinitions.completePurchase(java.lang.String,java.lang.String,java.lang.String)'.
However, the gherkin step has 0 arguments.
Step text: completes the purchase process successfully</error><system-err>Step [completes the purchase process successfully] is defined with 3 parameters at 'StepsDefinitions.PurchaseDefinitions.PurchaseDefinitions.completePurchase(java.lang.String,java.lang.String,java.lang.String)'.
However, the gherkin step has 0 arguments.
Step text: completes the purchase process successfully
io.cucumber.core.runner.PickleStepDefinitionMatch.arityMismatch(PickleStepDefinitionMatch.java:83)
io.cucumber.core.runner.PickleStepDefinitionMatch.runStep(PickleStepDefinitionMatch.java:42)
io.cucumber.core.runner.TestStep.executeStep(TestStep.java:86)
io.cucumber.core.runner.TestStep.run(TestStep.java:57)
io.cucumber.core.runner.PickleStepTestStep.run(PickleStepTestStep.java:51)
io.cucumber.core.runner.TestCase.run(TestCase.java:95)
io.cucumber.core.runner.Runner.runPickle(Runner.java:75)
io.cucumber.core.runtime.CucumberExecutionContext.lambda$runTestCase$3(CucumberExecutionContext.java:151)
io.cucumber.core.runtime.RethrowingThrowableCollector.executeAndThrow(RethrowingThrowableCollector.java:23)
io.cucumber.core.runtime.CucumberExecutionContext.runTestCase(CucumberExecutionContext.java:151)
io.cucumber.junit.FeatureRunner.runChild(FeatureRunner.java:144)
io.cucumber.junit.FeatureRunner.runChild(FeatureRunner.java:28)
io.cucumber.junit.FeatureRunner.run(FeatureRunner.java:137)
io.cucumber.junit.CucumberSerenityRunner.runChild(CucumberSerenityRunner.java:258)
io.cucumber.junit.CucumberSerenityRunner.runChild(CucumberSerenityRunner.java:58)
</system-err></testcase></testsuite>